<?xml version="1.0" encoding="UTF-8"?>
<robot generator="Robot 5.0.1 (Python 3.9.13 on win32)" generated="20230628 17:02:45.647" rpa="false" schemaversion="3">
<suite id="s1" name="Tasks" source="c:\Users\venka\Desktop\level-2\tasks.robot">
<test id="s1-t1" name="Order robots from RobotSpareBin Industries Inc" line="31">
<kw name="Open the robot order website">
<kw name="Get orders">
<var>${orders}</var>
<kw name="Read table from CSV" library="RPA.Tables">
<var>${data}</var>
<arg>c:\\Users\\venka\\Desktop\\level-2/orders.csv</arg>
<doc>Read a CSV file as a table.</doc>
<msg timestamp="20230628 17:02:49.858" level="INFO">${data} = Table(columns=['Order number', 'Head', 'Body', 'Legs', 'Address'], rows=20)</msg>
<status status="PASS" starttime="20230628 17:02:49.854" endtime="20230628 17:02:49.862"/>
</kw>
<return>
<value>${data}</value>
<status status="PASS" starttime="20230628 17:02:49.862" endtime="20230628 17:02:49.862"/>
</return>
<msg timestamp="20230628 17:02:49.863" level="INFO">${orders} = Table(columns=['Order number', 'Head', 'Body', 'Legs', 'Address'], rows=20)</msg>
<status status="PASS" starttime="20230628 17:02:49.853" endtime="20230628 17:02:49.863"/>
</kw>
<kw name="Open Available Browser" library="RPA.Browser.Selenium">
<arg>url=${url}</arg>
<doc>Attempts to open a browser on the user's device from a set of
supported browsers. Automatically downloads a corresponding webdriver
if none is already installed.</doc>
<msg timestamp="20230628 17:02:49.867" level="INFO">Creating an instance of the Chrome WebDriver.</msg>
<msg timestamp="20230628 17:02:49.878" level="INFO">Applicable driver not found; attempting to install with Selenium Manager (Beta)</msg>
<msg timestamp="20230628 17:02:51.759" level="INFO">Created Chrome browser with arguments: --disable-dev-shm-usage --disable-web-security --allow-running-insecure-content --no-sandbox</msg>
<msg timestamp="20230628 17:02:51.761" level="INFO" html="true">&lt;p&gt;Attempted combinations:&lt;/p&gt;&lt;div class="doc"&gt;&lt;table&gt;&lt;tr&gt;&lt;th&gt;Browser&lt;/th&gt;&lt;th&gt;Download&lt;/th&gt;&lt;th&gt;Error&lt;/th&gt;&lt;/tr&gt;&lt;tr&gt;&lt;td&gt;Chrome&lt;/td&gt;&lt;td&gt;False&lt;/td&gt;&lt;td&gt;&lt;/td&gt;&lt;/tr&gt;&lt;/table&gt;&lt;/div&gt;</msg>
<msg timestamp="20230628 17:02:51.761" level="INFO">Opening url 'https://robotsparebinindustries.com/#/robot-order'</msg>
<status status="PASS" starttime="20230628 17:02:49.864" endtime="20230628 17:02:52.580"/>
</kw>
<for flavor="IN">
<var>${data}</var>
<value>@{orders}</value>
<iter>
<var name="${data}">{'Order number': '1', 'Head': '1', 'Body': '2', 'Legs': '3', 'Address': 'Address 123'}</var>
<kw name="Wait And Click Button" library="RPA.Browser.Selenium">
<arg>//button[normalize-space()='OK']</arg>
<doc>Click button identified by ``locator``, once it becomes visible.</doc>
<msg timestamp="20230628 17:02:52.654" level="INFO">Clicking button '//button[normalize-space()='OK']'.</msg>
<status status="PASS" starttime="20230628 17:02:52.582" endtime="20230628 17:02:52.741"/>
</kw>
<kw name="Fill the form">
<arg>${data}</arg>
<kw name="Set Local Variable" library="BuiltIn">
<arg>${order_no}</arg>
<arg>${myrow}[Order number]</arg>
<doc>Makes a variable available everywhere within the local scope.</doc>
<msg timestamp="20230628 17:02:52.746" level="INFO">${order_no} = 1</msg>
<status status="PASS" starttime="20230628 17:02:52.744" endtime="20230628 17:02:52.746"/>
</kw>
<kw name="Set Local Variable" library="BuiltIn">
<arg>${head}</arg>
<arg>${myrow}[Head]</arg>
<doc>Makes a variable available everywhere within the local scope.</doc>
<msg timestamp="20230628 17:02:52.748" level="INFO">${head} = 1</msg>
<status status="PASS" starttime="20230628 17:02:52.746" endtime="20230628 17:02:52.748"/>
</kw>
<kw name="Set Local Variable" library="BuiltIn">
<arg>${body}</arg>
<arg>${myrow}[Body]</arg>
<doc>Makes a variable available everywhere within the local scope.</doc>
<msg timestamp="20230628 17:02:52.750" level="INFO">${body} = 2</msg>
<status status="PASS" starttime="20230628 17:02:52.748" endtime="20230628 17:02:52.750"/>
</kw>
<kw name="Set Local Variable" library="BuiltIn">
<arg>${legs}</arg>
<arg>${myrow}[Legs]</arg>
<doc>Makes a variable available everywhere within the local scope.</doc>
<msg timestamp="20230628 17:02:52.752" level="INFO">${legs} = 3</msg>
<status status="PASS" starttime="20230628 17:02:52.751" endtime="20230628 17:02:52.752"/>
</kw>
<kw name="Set Local Variable" library="BuiltIn">
<arg>${address}</arg>
<arg>${myrow}[Address]</arg>
<doc>Makes a variable available everywhere within the local scope.</doc>
<msg timestamp="20230628 17:02:52.754" level="INFO">${address} = Address 123</msg>
<status status="PASS" starttime="20230628 17:02:52.753" endtime="20230628 17:02:52.755"/>
</kw>
<kw name="Set Local Variable" library="BuiltIn">
<arg>${input_head}</arg>
<arg>//*[@id="head"]</arg>
<doc>Makes a variable available everywhere within the local scope.</doc>
<msg timestamp="20230628 17:02:52.757" level="INFO">${input_head} = //*[@id="head"]</msg>
<status status="PASS" starttime="20230628 17:02:52.755" endtime="20230628 17:02:52.757"/>
</kw>
<kw name="Set Local Variable" library="BuiltIn">
<arg>${input_body}</arg>
<arg>body</arg>
<doc>Makes a variable available everywhere within the local scope.</doc>
<msg timestamp="20230628 17:02:52.763" level="INFO">${input_body} = body</msg>
<status status="PASS" starttime="20230628 17:02:52.758" endtime="20230628 17:02:52.763"/>
</kw>
<kw name="Set Local Variable" library="BuiltIn">
<arg>${input_legs}</arg>
<arg>xpath://html/body/div/div/div[1]/div/div[1]/form/div[3]/input</arg>
<doc>Makes a variable available everywhere within the local scope.</doc>
<msg timestamp="20230628 17:02:52.765" level="INFO">${input_legs} = xpath://html/body/div/div/div[1]/div/div[1]/form/div[3]/input</msg>
<status status="PASS" starttime="20230628 17:02:52.764" endtime="20230628 17:02:52.765"/>
</kw>
<kw name="Set Local Variable" library="BuiltIn">
<arg>${input_address}</arg>
<arg>//*[@id="address"]</arg>
<doc>Makes a variable available everywhere within the local scope.</doc>
<msg timestamp="20230628 17:02:52.768" level="INFO">${input_address} = //*[@id="address"]</msg>
<status status="PASS" starttime="20230628 17:02:52.766" endtime="20230628 17:02:52.768"/>
</kw>
<kw name="Set Local Variable" library="BuiltIn">
<arg>${btn_preview}</arg>
<arg>//*[@id="preview"]</arg>
<doc>Makes a variable available everywhere within the local scope.</doc>
<msg timestamp="20230628 17:02:52.771" level="INFO">${btn_preview} = //*[@id="preview"]</msg>
<status status="PASS" starttime="20230628 17:02:52.769" endtime="20230628 17:02:52.772"/>
</kw>
<kw name="Set Local Variable" library="BuiltIn">
<arg>${btn_order}</arg>
<arg>//*[@id="order"]</arg>
<doc>Makes a variable available everywhere within the local scope.</doc>
<msg timestamp="20230628 17:02:52.777" level="INFO">${btn_order} = //*[@id="order"]</msg>
<status status="PASS" starttime="20230628 17:02:52.773" endtime="20230628 17:02:52.777"/>
</kw>
<kw name="Set Local Variable" library="BuiltIn">
<arg>${img_preview}</arg>
<arg>//*[@id="robot-preview-image"]</arg>
<doc>Makes a variable available everywhere within the local scope.</doc>
<msg timestamp="20230628 17:02:52.781" level="INFO">${img_preview} = //*[@id="robot-preview-image"]</msg>
<status status="PASS" starttime="20230628 17:02:52.778" endtime="20230628 17:02:52.781"/>
</kw>
<kw name="Wait Until Element Is Visible" library="RPA.Browser.Selenium">
<arg>${input_head}</arg>
<doc>Waits until the element ``locator`` is visible.</doc>
<status status="PASS" starttime="20230628 17:02:52.781" endtime="20230628 17:02:52.868"/>
</kw>
<kw name="Wait Until Element Is Enabled" library="RPA.Browser.Selenium">
<arg>${input_head}</arg>
<doc>Waits until the element ``locator`` is enabled.</doc>
<status status="PASS" starttime="20230628 17:02:52.869" endtime="20230628 17:02:52.919"/>
</kw>
<kw name="Select From List By Value" library="RPA.Browser.Selenium">
<arg>${input_head}</arg>
<arg>${head}</arg>
<doc>Selects options from selection list ``locator`` by ``values``.</doc>
<msg timestamp="20230628 17:02:52.921" level="INFO">Selecting options from selection list '//*[@id="head"]' by value 1.</msg>
<status status="PASS" starttime="20230628 17:02:52.920" endtime="20230628 17:02:53.016"/>
</kw>
<kw name="Wait Until Element Is Enabled" library="RPA.Browser.Selenium">
<arg>${input_body}</arg>
<doc>Waits until the element ``locator`` is enabled.</doc>
<status status="PASS" starttime="20230628 17:02:53.018" endtime="20230628 17:02:53.094"/>
</kw>
<kw name="Select Radio Button" library="RPA.Browser.Selenium">
<arg>${input_body}</arg>
<arg>${body}</arg>
<doc>Sets the radio button group ``group_name`` to ``value``.</doc>
<msg timestamp="20230628 17:02:53.097" level="INFO">Selecting '2' from radio button 'body'.</msg>
<status status="PASS" starttime="20230628 17:02:53.095" endtime="20230628 17:02:53.185"/>
</kw>
<kw name="Wait Until Element Is Enabled" library="RPA.Browser.Selenium">
<arg>${input_legs}</arg>
<doc>Waits until the element ``locator`` is enabled.</doc>
<status status="PASS" starttime="20230628 17:02:53.186" endtime="20230628 17:02:53.232"/>
</kw>
<kw name="Input Text" library="RPA.Browser.Selenium">
<arg>${input_legs}</arg>
<arg>${legs}</arg>
<doc>Types the given ``text`` into the text field identified by ``locator``.</doc>
<msg timestamp="20230628 17:02:53.234" level="INFO">Typing text '3' into text field 'xpath://html/body/div/div/div[1]/div/div[1]/form/div[3]/input'.</msg>
<status status="PASS" starttime="20230628 17:02:53.232" endtime="20230628 17:02:53.431"/>
</kw>
<kw name="Wait Until Element Is Enabled" library="RPA.Browser.Selenium">
<arg>${input_address}</arg>
<doc>Waits until the element ``locator`` is enabled.</doc>
<status status="PASS" starttime="20230628 17:02:53.431" endtime="20230628 17:02:53.471"/>
</kw>
<kw name="Input Text" library="RPA.Browser.Selenium">
<arg>${input_address}</arg>
<arg>${address}</arg>
<doc>Types the given ``text`` into the text field identified by ``locator``.</doc>
<msg timestamp="20230628 17:02:53.472" level="INFO">Typing text 'Address 123' into text field '//*[@id="address"]'.</msg>
<status status="PASS" starttime="20230628 17:02:53.471" endtime="20230628 17:02:53.624"/>
</kw>
<status status="PASS" starttime="20230628 17:02:52.741" endtime="20230628 17:02:53.625"/>
</kw>
<kw name="Wait Until Keyword Succeeds" library="BuiltIn">
<arg>10x</arg>
<arg>2s</arg>
<arg>Preview the robot</arg>
<doc>Runs the specified keyword and retries if it fails.</doc>
<kw name="Preview the robot">
<kw name="Set Local Variable" library="BuiltIn">
<arg>${btn_preview}</arg>
<arg>//*[@id="preview"]</arg>
<doc>Makes a variable available everywhere within the local scope.</doc>
<msg timestamp="20230628 17:02:53.633" level="INFO">${btn_preview} = //*[@id="preview"]</msg>
<status status="PASS" starttime="20230628 17:02:53.631" endtime="20230628 17:02:53.633"/>
</kw>
<kw name="Set Local Variable" library="BuiltIn">
<arg>${img_preview}</arg>
<arg>//*[@id="robot-preview-image"]</arg>
<doc>Makes a variable available everywhere within the local scope.</doc>
<msg timestamp="20230628 17:02:53.635" level="INFO">${img_preview} = //*[@id="robot-preview-image"]</msg>
<status status="PASS" starttime="20230628 17:02:53.633" endtime="20230628 17:02:53.635"/>
</kw>
<kw name="Click Button" library="RPA.Browser.Selenium">
<arg>${btn_preview}</arg>
<doc>Clicks the button identified by ``locator``.</doc>
<msg timestamp="20230628 17:02:53.637" level="INFO">Clicking button '//*[@id="preview"]'.</msg>
<status status="PASS" starttime="20230628 17:02:53.636" endtime="20230628 17:02:53.757"/>
</kw>
<kw name="Wait Until Element Is Visible" library="RPA.Browser.Selenium">
<arg>${img_preview}</arg>
<doc>Waits until the element ``locator`` is visible.</doc>
<status status="PASS" starttime="20230628 17:02:53.757" endtime="20230628 17:02:53.804"/>
</kw>
<status status="PASS" starttime="20230628 17:02:53.628" endtime="20230628 17:02:53.805"/>
</kw>
<status status="PASS" starttime="20230628 17:02:53.626" endtime="20230628 17:02:53.805"/>
</kw>
<kw name="Wait Until Keyword Succeeds" library="BuiltIn">
<arg>10x</arg>
<arg>2s</arg>
<arg>Submit The Order</arg>
<doc>Runs the specified keyword and retries if it fails.</doc>
<kw name="Submit the order">
<kw name="Set Local Variable" library="BuiltIn">
<arg>${btn_order}</arg>
<arg>//*[@id="order"]</arg>
<doc>Makes a variable available everywhere within the local scope.</doc>
<msg timestamp="20230628 17:02:53.810" level="INFO">${btn_order} = //*[@id="order"]</msg>
<status status="PASS" starttime="20230628 17:02:53.807" endtime="20230628 17:02:53.812"/>
</kw>
<kw name="Set Local Variable" library="BuiltIn">
<arg>${lbl_receipt}</arg>
<arg>//*[@id="receipt"]</arg>
<doc>Makes a variable available everywhere within the local scope.</doc>
<msg timestamp="20230628 17:02:53.816" level="INFO">${lbl_receipt} = //*[@id="receipt"]</msg>
<status status="PASS" starttime="20230628 17:02:53.813" endtime="20230628 17:02:53.816"/>
</kw>
<kw name="Mute Run On Failure" library="RPA.RobotLogListener">
<arg>Page Should Contain Element</arg>
<doc>Set keywords which should not execute `SeleniumLibrary`
default behaviour of running keyword on failure.</doc>
<kw name="Get Library Instance" library="BuiltIn">
<arg>RPA.Browser</arg>
<doc>Returns the currently active instance of the specified library.</doc>
<msg timestamp="20230628 17:02:53.820" level="FAIL">No library 'RPA.Browser' found.</msg>
<status status="FAIL" starttime="20230628 17:02:53.818" endtime="20230628 17:02:53.826"/>
</kw>
<kw name="Get Library Instance" library="BuiltIn">
<arg>RPA.Browser.Selenium</arg>
<doc>Returns the currently active instance of the specified library.</doc>
<status status="PASS" starttime="20230628 17:02:53.828" endtime="20230628 17:02:53.830"/>
</kw>
<status status="PASS" starttime="20230628 17:02:53.817" endtime="20230628 17:02:53.830"/>
</kw>
<kw name="Click Button" library="RPA.Browser.Selenium">
<arg>${btn_order}</arg>
<doc>Clicks the button identified by ``locator``.</doc>
<msg timestamp="20230628 17:02:53.832" level="INFO">Clicking button '//*[@id="order"]'.</msg>
<status status="PASS" starttime="20230628 17:02:53.831" endtime="20230628 17:02:53.932"/>
</kw>
<kw name="Page Should Contain Element" library="RPA.Browser.Selenium">
<arg>${lbl_receipt}</arg>
<doc>Verifies that element ``locator`` is found on the current page.</doc>
<msg timestamp="20230628 17:02:53.933" level="INFO">No keyword will be run on failure.</msg>
<msg timestamp="20230628 17:02:53.962" level="FAIL">Page should have contained element '//*[@id="receipt"]' but did not.</msg>
<msg timestamp="20230628 17:02:53.966" level="INFO">Capture Page Screenshot will be run on failure.</msg>
<status status="FAIL" starttime="20230628 17:02:53.932" endtime="20230628 17:02:53.965"/>
</kw>
<status status="FAIL" starttime="20230628 17:02:53.806" endtime="20230628 17:02:53.967"/>
</kw>
<kw name="Submit the order">
<kw name="Set Local Variable" library="BuiltIn">
<arg>${btn_order}</arg>
<arg>//*[@id="order"]</arg>
<doc>Makes a variable available everywhere within the local scope.</doc>
<msg timestamp="20230628 17:02:55.972" level="INFO">${btn_order} = //*[@id="order"]</msg>
<status status="PASS" starttime="20230628 17:02:55.970" endtime="20230628 17:02:55.972"/>
</kw>
<kw name="Set Local Variable" library="BuiltIn">
<arg>${lbl_receipt}</arg>
<arg>//*[@id="receipt"]</arg>
<doc>Makes a variable available everywhere within the local scope.</doc>
<msg timestamp="20230628 17:02:55.973" level="INFO">${lbl_receipt} = //*[@id="receipt"]</msg>
<status status="PASS" starttime="20230628 17:02:55.972" endtime="20230628 17:02:55.974"/>
</kw>
<kw name="Mute Run On Failure" library="RPA.RobotLogListener">
<arg>Page Should Contain Element</arg>
<doc>Set keywords which should not execute `SeleniumLibrary`
default behaviour of running keyword on failure.</doc>
<kw name="Get Library Instance" library="BuiltIn">
<arg>RPA.Browser</arg>
<doc>Returns the currently active instance of the specified library.</doc>
<msg timestamp="20230628 17:02:55.978" level="FAIL">No library 'RPA.Browser' found.</msg>
<status status="FAIL" starttime="20230628 17:02:55.974" endtime="20230628 17:02:55.979"/>
</kw>
<kw name="Get Library Instance" library="BuiltIn">
<arg>RPA.Browser.Selenium</arg>
<doc>Returns the currently active instance of the specified library.</doc>
<status status="PASS" starttime="20230628 17:02:55.979" endtime="20230628 17:02:55.980"/>
</kw>
<status status="PASS" starttime="20230628 17:02:55.974" endtime="20230628 17:02:55.980"/>
</kw>
<kw name="Click Button" library="RPA.Browser.Selenium">
<arg>${btn_order}</arg>
<doc>Clicks the button identified by ``locator``.</doc>
<msg timestamp="20230628 17:02:55.981" level="INFO">Clicking button '//*[@id="order"]'.</msg>
<status status="PASS" starttime="20230628 17:02:55.981" endtime="20230628 17:02:56.108"/>
</kw>
<kw name="Page Should Contain Element" library="RPA.Browser.Selenium">
<arg>${lbl_receipt}</arg>
<doc>Verifies that element ``locator`` is found on the current page.</doc>
<msg timestamp="20230628 17:02:56.110" level="INFO">No keyword will be run on failure.</msg>
<msg timestamp="20230628 17:02:56.110" level="INFO">No keyword will be run on failure.</msg>
<msg timestamp="20230628 17:02:56.123" level="INFO">Current page contains element '//*[@id="receipt"]'.</msg>
<status status="PASS" starttime="20230628 17:02:56.109" endtime="20230628 17:02:56.124"/>
</kw>
<status status="PASS" starttime="20230628 17:02:55.969" endtime="20230628 17:02:56.124"/>
</kw>
<status status="PASS" starttime="20230628 17:02:53.805" endtime="20230628 17:02:56.125"/>
</kw>
<kw name="Take a screenshot of the robot">
<var>${orderid}</var>
<var>${img_filename}</var>
<kw name="Set Local Variable" library="BuiltIn">
<arg>${lbl_orderid}</arg>
<arg>xpath://html/body/div/div/div[1]/div/div[1]/div/div/p[1]</arg>
<doc>Makes a variable available everywhere within the local scope.</doc>
<msg timestamp="20230628 17:02:56.131" level="INFO">${lbl_orderid} = xpath://html/body/div/div/div[1]/div/div[1]/div/div/p[1]</msg>
<status status="PASS" starttime="20230628 17:02:56.127" endtime="20230628 17:02:56.131"/>
</kw>
<kw name="Set Local Variable" library="BuiltIn">
<arg>${img_robot}</arg>
<arg>//*[@id="robot-preview-image"]</arg>
<doc>Makes a variable available everywhere within the local scope.</doc>
<msg timestamp="20230628 17:02:56.135" level="INFO">${img_robot} = //*[@id="robot-preview-image"]</msg>
<status status="PASS" starttime="20230628 17:02:56.132" endtime="20230628 17:02:56.135"/>
</kw>
<kw name="Wait Until Element Is Visible" library="RPA.Browser.Selenium">
<arg>${img_robot}</arg>
<doc>Waits until the element ``locator`` is visible.</doc>
<status status="PASS" starttime="20230628 17:02:56.136" endtime="20230628 17:02:56.165"/>
</kw>
<kw name="Wait Until Element Is Visible" library="RPA.Browser.Selenium">
<arg>${lbl_orderid}</arg>
<doc>Waits until the element ``locator`` is visible.</doc>
<status status="PASS" starttime="20230628 17:02:56.166" endtime="20230628 17:02:56.189"/>
</kw>
<kw name="Get Text" library="RPA.Browser.Selenium">
<var>${orderid}</var>
<arg>//*[@id="receipt"]/p[1]</arg>
<doc>Returns the text value of the element identified by ``locator``.</doc>
<msg timestamp="20230628 17:02:56.218" level="INFO">${orderid} = RSB-ROBO-ORDER-TP1L0YZCNQ</msg>
<status status="PASS" starttime="20230628 17:02:56.190" endtime="20230628 17:02:56.218"/>
</kw>
<kw name="Set Local Variable" library="BuiltIn">
<arg>${fully_qualified_img_filename}</arg>
<arg>${img_folder}${/}${orderid}.png</arg>
<doc>Makes a variable available everywhere within the local scope.</doc>
<msg timestamp="20230628 17:02:56.221" level="INFO">${fully_qualified_img_filename} = c:\Users\venka\Desktop\level-2\image_files\RSB-ROBO-ORDER-TP1L0YZCNQ.png</msg>
<status status="PASS" starttime="20230628 17:02:56.219" endtime="20230628 17:02:56.221"/>
</kw>
<kw name="Sleep" library="BuiltIn">
<arg>1sec</arg>
<doc>Pauses the test executed for the given time.</doc>
<msg timestamp="20230628 17:02:57.231" level="INFO">Slept 1 second</msg>
<status status="PASS" starttime="20230628 17:02:56.221" endtime="20230628 17:02:57.231"/>
</kw>
<kw name="Log To Console" library="BuiltIn">
<arg>Capturing Screenshot to ${fully_qualified_img_filename}</arg>
<doc>Logs the given message to the console.</doc>
<status status="PASS" starttime="20230628 17:02:57.232" endtime="20230628 17:02:57.233"/>
</kw>
<kw name="Capture Element Screenshot" library="RPA.Browser.Selenium">
<arg>${img_robot}</arg>
<arg>${fully_qualified_img_filename}</arg>
<doc>Captures a screenshot from the element identified by ``locator`` and embeds it into log file.</doc>
<msg timestamp="20230628 17:02:57.397" level="INFO" html="true">&lt;/td&gt;&lt;/tr&gt;&lt;tr&gt;&lt;td colspan="3"&gt;&lt;a href="file:///C:/Users/venka/Desktop/level-2/image_files/RSB-ROBO-ORDER-TP1L0YZCNQ.png"&gt;&lt;img src="file:///C:/Users/venka/Desktop/level-2/image_files/RSB-ROBO-ORDER-TP1L0YZCNQ.png" width="400px"&gt;&lt;/a&gt;</msg>
<status status="PASS" starttime="20230628 17:02:57.234" endtime="20230628 17:02:57.399"/>
</kw>
<msg timestamp="20230628 17:02:57.400" level="INFO">${orderid} = RSB-ROBO-ORDER-TP1L0YZCNQ</msg>
<msg timestamp="20230628 17:02:57.400" level="INFO">${img_filename} = c:\Users\venka\Desktop\level-2\image_files\RSB-ROBO-ORDER-TP1L0YZCNQ.png</msg>
<status status="PASS" starttime="20230628 17:02:56.126" endtime="20230628 17:02:57.400"/>
</kw>
<kw name="Store the receipt as a PDF file">
<var>${pdf_filename}</var>
<arg>ORDER_NUMBER=${order_id}</arg>
<kw name="Wait Until Element Is Visible" library="RPA.Browser.Selenium">
<arg>//*[@id="receipt"]</arg>
<doc>Waits until the element ``locator`` is visible.</doc>
<status status="PASS" starttime="20230628 17:02:57.402" endtime="20230628 17:02:57.426"/>
</kw>
<kw name="Log To Console" library="BuiltIn">
<arg>Printing ${ORDER_NUMBER}</arg>
<doc>Logs the given message to the console.</doc>
<status status="PASS" starttime="20230628 17:02:57.427" endtime="20230628 17:02:57.429"/>
</kw>
<kw name="Get Element Attribute" library="RPA.Browser.Selenium">
<var>${order_receipt_html}</var>
<arg>//*[@id="receipt"]</arg>
<arg>outerHTML</arg>
<doc>Returns the value of ``attribute`` from the element ``locator``.</doc>
<msg timestamp="20230628 17:02:57.451" level="INFO">${order_receipt_html} = &lt;div id="receipt" class="alert alert-success" role="alert"&gt;&lt;h3&gt;Receipt&lt;/h3&gt;&lt;div&gt;2023-06-28T11:32:56.096Z&lt;/div&gt;&lt;p class="badge badge-success"&gt;RSB-ROBO-ORDER-TP1L0YZCNQ&lt;/p&gt;&lt;p&gt;Address 123&lt;/p&gt;&lt;div id="par...</msg>
<status status="PASS" starttime="20230628 17:02:57.430" endtime="20230628 17:02:57.452"/>
</kw>
<kw name="Set Local Variable" library="BuiltIn">
<arg>${fully_qualified_pdf_filename}</arg>
<arg>${pdf_folder}${/}${ORDER_NUMBER}.pdf</arg>
<doc>Makes a variable available everywhere within the local scope.</doc>
<msg timestamp="20230628 17:02:57.454" level="INFO">${fully_qualified_pdf_filename} = c:\Users\venka\Desktop\level-2\pdf_files\RSB-ROBO-ORDER-TP1L0YZCNQ.pdf</msg>
<status status="PASS" starttime="20230628 17:02:57.452" endtime="20230628 17:02:57.454"/>
</kw>
<kw name="Html To Pdf" library="RPA.PDF">
<arg>content=${order_receipt_html}</arg>
<arg>output_path=${fully_qualified_pdf_filename}</arg>
<doc>Generate a PDF file from HTML content.</doc>
<msg timestamp="20230628 17:02:57.457" level="INFO">Writing output to file C:\Users\venka\Desktop\level-2\pdf_files\RSB-ROBO-ORDER-TP1L0YZCNQ.pdf</msg>
<msg timestamp="20230628 17:02:57.699" level="INFO">maxp pruned</msg>
<msg timestamp="20230628 17:02:57.700" level="INFO">cmap pruned</msg>
<msg timestamp="20230628 17:02:57.705" level="INFO">post pruned</msg>
<msg timestamp="20230628 17:02:57.707" level="INFO">GDEF dropped</msg>
<msg timestamp="20230628 17:02:57.708" level="INFO">GPOS dropped</msg>
<msg timestamp="20230628 17:02:57.708" level="INFO">GSUB dropped</msg>
<msg timestamp="20230628 17:02:57.712" level="INFO">name pruned</msg>
<msg timestamp="20230628 17:02:57.721" level="INFO">glyf pruned</msg>
<msg timestamp="20230628 17:02:57.723" level="INFO">Added gid0 to subset</msg>
<msg timestamp="20230628 17:02:57.724" level="INFO">Added first four glyphs to subset</msg>
<msg timestamp="20230628 17:02:57.724" level="INFO">Closing glyph list over 'glyf': 59 glyphs before</msg>
<msg timestamp="20230628 17:02:57.725" level="INFO">Glyph names: ['.notdef', '.null', 'uni0020', 'uni0021', 'uni002D', 'uni002E', 'uni0030', 'uni0031', 'uni0032', 'uni0033', 'uni0034', 'uni0035', 'uni0036', 'uni0037', 'uni0038', 'uni0039', 'uni003A', 'uni0041', 'uni0042', 'uni0043', 'uni0044', 'uni0045', 'uni0048', 'uni004C', 'uni004E', 'uni004F', 'uni0050', 'uni0051', 'uni0052', 'uni0053', 'uni0054', 'uni0057', 'uni0059', 'uni005A', 'uni0061', 'uni0062', 'uni0063', 'uni0064', 'uni0065', 'uni0066', 'uni0067', 'uni0068', 'uni0069', 'uni006B', 'uni006C', 'uni006D', 'uni006E', 'uni006F', 'uni0070', 'uni0072', 'uni0073', 'uni0074', 'uni0075', 'uni0076', 'uni0077', 'uni0079', 'uni007B', 'uni007D', 'uni00C4']</msg>
<msg timestamp="20230628 17:02:57.726" level="INFO">Glyph IDs:   [0, 1, 2, 3, 65, 73, 84, 95, 161, 280, 299, 320, 374, 381, 382, 395, 409, 456, 469, 493, 504, 575, 582, 594, 612, 645, 650, 660, 679, 715, 723, 752, 759, 775, 827, 837, 867, 884, 899, 932, 936, 950, 1294, 1295, 1296, 1298, 1299, 1300, 1302, 1303, 1304, 1305, 1329, 1345, 1346, 1361, 1404, 1407, 1681]</msg>
<msg timestamp="20230628 17:02:57.728" level="INFO">Closed glyph list over 'glyf': 59 glyphs after</msg>
<msg timestamp="20230628 17:02:57.728" level="INFO">Glyph names: ['.notdef', '.null', 'uni0020', 'uni0021', 'uni002D', 'uni002E', 'uni0030', 'uni0031', 'uni0032', 'uni0033', 'uni0034', 'uni0035', 'uni0036', 'uni0037', 'uni0038', 'uni0039', 'uni003A', 'uni0041', 'uni0042', 'uni0043', 'uni0044', 'uni0045', 'uni0048', 'uni004C', 'uni004E', 'uni004F', 'uni0050', 'uni0051', 'uni0052', 'uni0053', 'uni0054', 'uni0057', 'uni0059', 'uni005A', 'uni0061', 'uni0062', 'uni0063', 'uni0064', 'uni0065', 'uni0066', 'uni0067', 'uni0068', 'uni0069', 'uni006B', 'uni006C', 'uni006D', 'uni006E', 'uni006F', 'uni0070', 'uni0072', 'uni0073', 'uni0074', 'uni0075', 'uni0076', 'uni0077', 'uni0079', 'uni007B', 'uni007D', 'uni00C4']</msg>
<msg timestamp="20230628 17:02:57.729" level="INFO">Glyph IDs:   [0, 1, 2, 3, 65, 73, 84, 95, 161, 280, 299, 320, 374, 381, 382, 395, 409, 456, 469, 493, 504, 575, 582, 594, 612, 645, 650, 660, 679, 715, 723, 752, 759, 775, 827, 837, 867, 884, 899, 932, 936, 950, 1294, 1295, 1296, 1298, 1299, 1300, 1302, 1303, 1304, 1305, 1329, 1345, 1346, 1361, 1404, 1407, 1681]</msg>
<msg timestamp="20230628 17:02:57.729" level="INFO">Retaining 59 glyphs</msg>
<msg timestamp="20230628 17:02:57.730" level="INFO">head subsetting not needed</msg>
<msg timestamp="20230628 17:02:57.731" level="INFO">hhea subsetting not needed</msg>
<msg timestamp="20230628 17:02:57.731" level="INFO">maxp subsetting not needed</msg>
<msg timestamp="20230628 17:02:57.731" level="INFO">OS/2 subsetting not needed</msg>
<msg timestamp="20230628 17:02:57.735" level="INFO">hmtx subsetted</msg>
<msg timestamp="20230628 17:02:57.738" level="INFO">cmap subsetted</msg>
<msg timestamp="20230628 17:02:57.738" level="INFO">prep subsetting not needed</msg>
<msg timestamp="20230628 17:02:57.738" level="INFO">loca subsetting not needed</msg>
<msg timestamp="20230628 17:02:57.738" level="INFO">post subsetted</msg>
<msg timestamp="20230628 17:02:57.738" level="INFO">gasp subsetting not needed</msg>
<msg timestamp="20230628 17:02:57.739" level="INFO">STAT subsetting not needed</msg>
<msg timestamp="20230628 17:02:57.739" level="INFO">name subsetting not needed</msg>
<msg timestamp="20230628 17:02:57.741" level="INFO">glyf subsetted</msg>
<msg timestamp="20230628 17:02:57.742" level="INFO">head pruned</msg>
<msg timestamp="20230628 17:02:57.744" level="INFO">OS/2 Unicode ranges pruned: [0]</msg>
<msg timestamp="20230628 17:02:57.746" level="INFO">glyf pruned</msg>
<msg timestamp="20230628 17:02:57.826" level="INFO">maxp pruned</msg>
<msg timestamp="20230628 17:02:57.829" level="INFO">cmap pruned</msg>
<msg timestamp="20230628 17:02:57.829" level="INFO">post pruned</msg>
<msg timestamp="20230628 17:02:57.829" level="INFO">GDEF dropped</msg>
<msg timestamp="20230628 17:02:57.830" level="INFO">GPOS dropped</msg>
<msg timestamp="20230628 17:02:57.830" level="INFO">GSUB dropped</msg>
<msg timestamp="20230628 17:02:57.839" level="INFO">name pruned</msg>
<msg timestamp="20230628 17:02:57.850" level="INFO">glyf pruned</msg>
<msg timestamp="20230628 17:02:57.851" level="INFO">Added gid0 to subset</msg>
<msg timestamp="20230628 17:02:57.852" level="INFO">Added first four glyphs to subset</msg>
<msg timestamp="20230628 17:02:57.852" level="INFO">Closing glyph list over 'glyf': 19 glyphs before</msg>
<msg timestamp="20230628 17:02:57.852" level="INFO">Glyph names: ['.notdef', '.null', 'uni0020', 'uni0030', 'uni0031', 'uni0032', 'uni0033', 'uni0034', 'uni0035', 'uni0036', 'uni0037', 'uni0038', 'uni0039', 'uni0041', 'uni0062', 'uni006E', 'uni007B', 'uni007D', 'uni00C4']</msg>
<msg timestamp="20230628 17:02:57.854" level="INFO">Glyph IDs:   [0, 1, 2, 3, 575, 759, 1294, 1295, 1296, 1298, 1299, 1300, 1302, 1303, 1304, 1305, 1345, 1346, 1681]</msg>
<msg timestamp="20230628 17:02:57.854" level="INFO">Closed glyph list over 'glyf': 19 glyphs after</msg>
<msg timestamp="20230628 17:02:57.854" level="INFO">Glyph names: ['.notdef', '.null', 'uni0020', 'uni0030', 'uni0031', 'uni0032', 'uni0033', 'uni0034', 'uni0035', 'uni0036', 'uni0037', 'uni0038', 'uni0039', 'uni0041', 'uni0062', 'uni006E', 'uni007B', 'uni007D', 'uni00C4']</msg>
<msg timestamp="20230628 17:02:57.855" level="INFO">Glyph IDs:   [0, 1, 2, 3, 575, 759, 1294, 1295, 1296, 1298, 1299, 1300, 1302, 1303, 1304, 1305, 1345, 1346, 1681]</msg>
<msg timestamp="20230628 17:02:57.856" level="INFO">Retaining 19 glyphs</msg>
<msg timestamp="20230628 17:02:57.857" level="INFO">head subsetting not needed</msg>
<msg timestamp="20230628 17:02:57.857" level="INFO">hhea subsetting not needed</msg>
<msg timestamp="20230628 17:02:57.857" level="INFO">maxp subsetting not needed</msg>
<msg timestamp="20230628 17:02:57.858" level="INFO">OS/2 subsetting not needed</msg>
<msg timestamp="20230628 17:02:57.868" level="INFO">hmtx subsetted</msg>
<msg timestamp="20230628 17:02:57.871" level="INFO">cmap subsetted</msg>
<msg timestamp="20230628 17:02:57.871" level="INFO">prep subsetting not needed</msg>
<msg timestamp="20230628 17:02:57.872" level="INFO">loca subsetting not needed</msg>
<msg timestamp="20230628 17:02:57.872" level="INFO">post subsetted</msg>
<msg timestamp="20230628 17:02:57.872" level="INFO">gasp subsetting not needed</msg>
<msg timestamp="20230628 17:02:57.872" level="INFO">STAT subsetting not needed</msg>
<msg timestamp="20230628 17:02:57.874" level="INFO">name subsetting not needed</msg>
<msg timestamp="20230628 17:02:57.875" level="INFO">glyf subsetted</msg>
<msg timestamp="20230628 17:02:57.876" level="INFO">head pruned</msg>
<msg timestamp="20230628 17:02:57.878" level="INFO">OS/2 Unicode ranges pruned: [0]</msg>
<msg timestamp="20230628 17:02:57.880" level="INFO">glyf pruned</msg>
<msg timestamp="20230628 17:02:57.935" level="INFO">maxp pruned</msg>
<msg timestamp="20230628 17:02:57.936" level="INFO">cmap pruned</msg>
<msg timestamp="20230628 17:02:57.937" level="INFO">post pruned</msg>
<msg timestamp="20230628 17:02:57.937" level="INFO">GDEF dropped</msg>
<msg timestamp="20230628 17:02:57.938" level="INFO">GPOS dropped</msg>
<msg timestamp="20230628 17:02:57.938" level="INFO">GSUB dropped</msg>
<msg timestamp="20230628 17:02:57.939" level="INFO">name pruned</msg>
<msg timestamp="20230628 17:02:57.948" level="INFO">glyf pruned</msg>
<msg timestamp="20230628 17:02:57.955" level="INFO">Added gid0 to subset</msg>
<msg timestamp="20230628 17:02:57.956" level="INFO">Added first four glyphs to subset</msg>
<msg timestamp="20230628 17:02:57.957" level="INFO">Closing glyph list over 'glyf': 18 glyphs before</msg>
<msg timestamp="20230628 17:02:57.957" level="INFO">Glyph names: ['.notdef', '.null', 'uni0020', 'uni0030', 'uni0031', 'uni0032', 'uni0033', 'uni0034', 'uni0035', 'uni0036', 'uni0037', 'uni0038', 'uni0039', 'uni0062', 'uni006E', 'uni007B', 'uni007D', 'uni00A0']</msg>
<msg timestamp="20230628 17:02:57.959" level="INFO">Glyph IDs:   [0, 1, 2, 3, 544, 727, 1256, 1257, 1258, 1260, 1261, 1262, 1264, 1265, 1266, 1267, 1307, 1308]</msg>
<msg timestamp="20230628 17:02:57.959" level="INFO">Closed glyph list over 'glyf': 18 glyphs after</msg>
<msg timestamp="20230628 17:02:57.959" level="INFO">Glyph names: ['.notdef', '.null', 'uni0020', 'uni0030', 'uni0031', 'uni0032', 'uni0033', 'uni0034', 'uni0035', 'uni0036', 'uni0037', 'uni0038', 'uni0039', 'uni0062', 'uni006E', 'uni007B', 'uni007D', 'uni00A0']</msg>
<msg timestamp="20230628 17:02:57.962" level="INFO">Glyph IDs:   [0, 1, 2, 3, 544, 727, 1256, 1257, 1258, 1260, 1261, 1262, 1264, 1265, 1266, 1267, 1307, 1308]</msg>
<msg timestamp="20230628 17:02:57.962" level="INFO">Retaining 18 glyphs</msg>
<msg timestamp="20230628 17:02:57.963" level="INFO">head subsetting not needed</msg>
<msg timestamp="20230628 17:02:57.963" level="INFO">hhea subsetting not needed</msg>
<msg timestamp="20230628 17:02:57.964" level="INFO">maxp subsetting not needed</msg>
<msg timestamp="20230628 17:02:57.964" level="INFO">OS/2 subsetting not needed</msg>
<msg timestamp="20230628 17:02:57.968" level="INFO">hmtx subsetted</msg>
<msg timestamp="20230628 17:02:57.971" level="INFO">cmap subsetted</msg>
<msg timestamp="20230628 17:02:57.971" level="INFO">loca subsetting not needed</msg>
<msg timestamp="20230628 17:02:57.972" level="INFO">post subsetted</msg>
<msg timestamp="20230628 17:02:57.972" level="INFO">name subsetting not needed</msg>
<msg timestamp="20230628 17:02:57.975" level="INFO">glyf subsetted</msg>
<msg timestamp="20230628 17:02:57.975" level="INFO">head pruned</msg>
<msg timestamp="20230628 17:02:57.976" level="INFO">OS/2 Unicode ranges pruned: [0]</msg>
<msg timestamp="20230628 17:02:57.978" level="INFO">glyf pruned</msg>
<msg timestamp="20230628 17:02:58.013" level="INFO">maxp pruned</msg>
<msg timestamp="20230628 17:02:58.013" level="INFO">cmap pruned</msg>
<msg timestamp="20230628 17:02:58.015" level="INFO">post pruned</msg>
<msg timestamp="20230628 17:02:58.015" level="INFO">GDEF dropped</msg>
<msg timestamp="20230628 17:02:58.015" level="INFO">GPOS dropped</msg>
<msg timestamp="20230628 17:02:58.016" level="INFO">GSUB dropped</msg>
<msg timestamp="20230628 17:02:58.017" level="INFO">name pruned</msg>
<msg timestamp="20230628 17:02:58.025" level="INFO">glyf pruned</msg>
<msg timestamp="20230628 17:02:58.032" level="INFO">Added gid0 to subset</msg>
<msg timestamp="20230628 17:02:58.033" level="INFO">Added first four glyphs to subset</msg>
<msg timestamp="20230628 17:02:58.034" level="INFO">Closing glyph list over 'glyf': 18 glyphs before</msg>
<msg timestamp="20230628 17:02:58.034" level="INFO">Glyph names: ['.notdef', '.null', 'uni0020', 'uni0030', 'uni0031', 'uni0032', 'uni0033', 'uni0034', 'uni0035', 'uni0036', 'uni0037', 'uni0038', 'uni0039', 'uni0062', 'uni006E', 'uni007B', 'uni007D', 'uni00A0']</msg>
<msg timestamp="20230628 17:02:58.035" level="INFO">Glyph IDs:   [0, 1, 2, 3, 544, 727, 1256, 1257, 1258, 1260, 1261, 1262, 1264, 1265, 1266, 1267, 1307, 1308]</msg>
<msg timestamp="20230628 17:02:58.036" level="INFO">Closed glyph list over 'glyf': 18 glyphs after</msg>
<msg timestamp="20230628 17:02:58.036" level="INFO">Glyph names: ['.notdef', '.null', 'uni0020', 'uni0030', 'uni0031', 'uni0032', 'uni0033', 'uni0034', 'uni0035', 'uni0036', 'uni0037', 'uni0038', 'uni0039', 'uni0062', 'uni006E', 'uni007B', 'uni007D', 'uni00A0']</msg>
<msg timestamp="20230628 17:02:58.037" level="INFO">Glyph IDs:   [0, 1, 2, 3, 544, 727, 1256, 1257, 1258, 1260, 1261, 1262, 1264, 1265, 1266, 1267, 1307, 1308]</msg>
<msg timestamp="20230628 17:02:58.038" level="INFO">Retaining 18 glyphs</msg>
<msg timestamp="20230628 17:02:58.039" level="INFO">head subsetting not needed</msg>
<msg timestamp="20230628 17:02:58.039" level="INFO">hhea subsetting not needed</msg>
<msg timestamp="20230628 17:02:58.040" level="INFO">maxp subsetting not needed</msg>
<msg timestamp="20230628 17:02:58.040" level="INFO">OS/2 subsetting not needed</msg>
<msg timestamp="20230628 17:02:58.043" level="INFO">hmtx subsetted</msg>
<msg timestamp="20230628 17:02:58.047" level="INFO">cmap subsetted</msg>
<msg timestamp="20230628 17:02:58.047" level="INFO">loca subsetting not needed</msg>
<msg timestamp="20230628 17:02:58.048" level="INFO">post subsetted</msg>
<msg timestamp="20230628 17:02:58.048" level="INFO">name subsetting not needed</msg>
<msg timestamp="20230628 17:02:58.049" level="INFO">glyf subsetted</msg>
<msg timestamp="20230628 17:02:58.049" level="INFO">head pruned</msg>
<msg timestamp="20230628 17:02:58.050" level="INFO">OS/2 Unicode ranges pruned: [0]</msg>
<msg timestamp="20230628 17:02:58.051" level="INFO">glyf pruned</msg>
<status status="PASS" starttime="20230628 17:02:57.454" endtime="20230628 17:02:58.081"/>
</kw>
<msg timestamp="20230628 17:02:58.082" level="INFO">${pdf_filename} = c:\Users\venka\Desktop\level-2\pdf_files\RSB-ROBO-ORDER-TP1L0YZCNQ.pdf</msg>
<status status="PASS" starttime="20230628 17:02:57.401" endtime="20230628 17:02:58.082"/>
</kw>
<kw name="Embed the robot screenshot to the receipt PDF file">
<arg>IMG_FILE=${img_filename}</arg>
<arg>PDF_FILE=${pdf_filename}</arg>
<kw name="Log To Console" library="BuiltIn">
<arg>Printing Embedding image ${IMG_FILE} in pdf file ${PDF_FILE}</arg>
<doc>Logs the given message to the console.</doc>
<status status="PASS" starttime="20230628 17:02:58.084" endtime="20230628 17:02:58.086"/>
</kw>
<kw name="Open Pdf" library="RPA.PDF">
<arg>${PDF_FILE}</arg>
<doc>Open a PDF document for reading.</doc>
<status status="PASS" starttime="20230628 17:02:58.086" endtime="20230628 17:02:58.104"/>
</kw>
<kw name="Create List" library="BuiltIn">
<var>@{myfiles}</var>
<arg>${IMG_FILE}:x=0,y=0</arg>
<doc>Returns a list containing given items.</doc>
<msg timestamp="20230628 17:02:58.107" level="INFO">@{myfiles} = [ c:\Users\venka\Desktop\level-2\image_files\RSB-ROBO-ORDER-TP1L0YZCNQ.png:x=0,y=0 ]</msg>
<status status="PASS" starttime="20230628 17:02:58.105" endtime="20230628 17:02:58.107"/>
</kw>
<kw name="Add Files To Pdf" library="RPA.PDF">
<arg>${myfiles}</arg>
<arg>${PDF_FILE}</arg>
<arg>${True}</arg>
<doc>Add images and/or pdfs to new PDF document.</doc>
<msg timestamp="20230628 17:02:58.112" level="INFO">Adding page: 0</msg>
<msg timestamp="20230628 17:02:58.140" level="WARN">Object 7 0 found</msg>
<msg timestamp="20230628 17:02:58.142" level="WARN">Overwriting cache for 0 7</msg>
<msg timestamp="20230628 17:02:58.183" level="WARN">Object 14 0 found</msg>
<msg timestamp="20230628 17:02:58.187" level="WARN">Overwriting cache for 0 14</msg>
<msg timestamp="20230628 17:02:58.197" level="WARN">Object 21 0 found</msg>
<msg timestamp="20230628 17:02:58.198" level="WARN">Overwriting cache for 0 21</msg>
<msg timestamp="20230628 17:02:58.204" level="WARN">Object 28 0 found</msg>
<msg timestamp="20230628 17:02:58.206" level="WARN">Overwriting cache for 0 28</msg>
<msg timestamp="20230628 17:02:58.217" level="INFO">File c:\Users\venka\Desktop\level-2\image_files\RSB-ROBO-ORDER-TP1L0YZCNQ.png type: png</msg>
<msg timestamp="20230628 17:02:58.218" level="INFO">Image parameters: {'x': '0', 'y': '0'}</msg>
<status status="PASS" starttime="20230628 17:02:58.108" endtime="20230628 17:02:58.380"/>
</kw>
<status status="PASS" starttime="20230628 17:02:58.082" endtime="20230628 17:02:58.382"/>
</kw>
<kw name="Go to order another robot">
<kw name="Set Local Variable" library="BuiltIn">
<arg>${btn_order_another_robot}</arg>
<arg>//*[@id="order-another"]</arg>
<doc>Makes a variable available everywhere within the local scope.</doc>
<msg timestamp="20230628 17:02:58.385" level="INFO">${btn_order_another_robot} = //*[@id="order-another"]</msg>
<status status="PASS" starttime="20230628 17:02:58.383" endtime="20230628 17:02:58.386"/>
</kw>
<kw name="Click Button" library="RPA.Browser.Selenium">
<arg>${btn_order_another_robot}</arg>
<doc>Clicks the button identified by ``locator``.</doc>
<msg timestamp="20230628 17:02:58.389" level="INFO">Clicking button '//*[@id="order-another"]'.</msg>
<status status="PASS" starttime="20230628 17:02:58.387" endtime="20230628 17:02:58.658"/>
</kw>
<status status="PASS" starttime="20230628 17:02:58.382" endtime="20230628 17:02:58.659"/>
</kw>
<status status="PASS" starttime="20230628 17:02:52.581" endtime="20230628 17:02:58.660"/>
</iter>
<iter>
<var name="${data}">{'Order number': '2', 'Head': '4', 'Body': '1', 'Legs': '5', 'Address': 'Address 456'}</var>
<kw name="Wait And Click Button" library="RPA.Browser.Selenium">
<arg>//button[normalize-space()='OK']</arg>
<doc>Click button identified by ``locator``, once it becomes visible.</doc>
<msg timestamp="20230628 17:02:58.708" level="INFO">Clicking button '//button[normalize-space()='OK']'.</msg>
<status status="PASS" starttime="20230628 17:02:58.663" endtime="20230628 17:02:58.804"/>
</kw>
<kw name="Fill the form">
<arg>${data}</arg>
<kw name="Set Local Variable" library="BuiltIn">
<arg>${order_no}</arg>
<arg>${myrow}[Order number]</arg>
<doc>Makes a variable available everywhere within the local scope.</doc>
<msg timestamp="20230628 17:02:58.809" level="INFO">${order_no} = 2</msg>
<status status="PASS" starttime="20230628 17:02:58.806" endtime="20230628 17:02:58.810"/>
</kw>
<kw name="Set Local Variable" library="BuiltIn">
<arg>${head}</arg>
<arg>${myrow}[Head]</arg>
<doc>Makes a variable available everywhere within the local scope.</doc>
<msg timestamp="20230628 17:02:58.813" level="INFO">${head} = 4</msg>
<status status="PASS" starttime="20230628 17:02:58.810" endtime="20230628 17:02:58.813"/>
</kw>
<kw name="Set Local Variable" library="BuiltIn">
<arg>${body}</arg>
<arg>${myrow}[Body]</arg>
<doc>Makes a variable available everywhere within the local scope.</doc>
<msg timestamp="20230628 17:02:58.815" level="INFO">${body} = 1</msg>
<status status="PASS" starttime="20230628 17:02:58.814" endtime="20230628 17:02:58.816"/>
</kw>
<kw name="Set Local Variable" library="BuiltIn">
<arg>${legs}</arg>
<arg>${myrow}[Legs]</arg>
<doc>Makes a variable available everywhere within the local scope.</doc>
<msg timestamp="20230628 17:02:58.819" level="INFO">${legs} = 5</msg>
<status status="PASS" starttime="20230628 17:02:58.816" endtime="20230628 17:02:58.820"/>
</kw>
<kw name="Set Local Variable" library="BuiltIn">
<arg>${address}</arg>
<arg>${myrow}[Address]</arg>
<doc>Makes a variable available everywhere within the local scope.</doc>
<msg timestamp="20230628 17:02:58.824" level="INFO">${address} = Address 456</msg>
<status status="PASS" starttime="20230628 17:02:58.821" endtime="20230628 17:02:58.825"/>
</kw>
<kw name="Set Local Variable" library="BuiltIn">
<arg>${input_head}</arg>
<arg>//*[@id="head"]</arg>
<doc>Makes a variable available everywhere within the local scope.</doc>
<msg timestamp="20230628 17:02:58.829" level="INFO">${input_head} = //*[@id="head"]</msg>
<status status="PASS" starttime="20230628 17:02:58.825" endtime="20230628 17:02:58.830"/>
</kw>
<kw name="Set Local Variable" library="BuiltIn">
<arg>${input_body}</arg>
<arg>body</arg>
<doc>Makes a variable available everywhere within the local scope.</doc>
<msg timestamp="20230628 17:02:58.832" level="INFO">${input_body} = body</msg>
<status status="PASS" starttime="20230628 17:02:58.830" endtime="20230628 17:02:58.832"/>
</kw>
<kw name="Set Local Variable" library="BuiltIn">
<arg>${input_legs}</arg>
<arg>xpath://html/body/div/div/div[1]/div/div[1]/form/div[3]/input</arg>
<doc>Makes a variable available everywhere within the local scope.</doc>
<msg timestamp="20230628 17:02:58.837" level="INFO">${input_legs} = xpath://html/body/div/div/div[1]/div/div[1]/form/div[3]/input</msg>
<status status="PASS" starttime="20230628 17:02:58.833" endtime="20230628 17:02:58.837"/>
</kw>
<kw name="Set Local Variable" library="BuiltIn">
<arg>${input_address}</arg>
<arg>//*[@id="address"]</arg>
<doc>Makes a variable available everywhere within the local scope.</doc>
<msg timestamp="20230628 17:02:58.840" level="INFO">${input_address} = //*[@id="address"]</msg>
<status status="PASS" starttime="20230628 17:02:58.838" endtime="20230628 17:02:58.840"/>
</kw>
<kw name="Set Local Variable" library="BuiltIn">
<arg>${btn_preview}</arg>
<arg>//*[@id="preview"]</arg>
<doc>Makes a variable available everywhere within the local scope.</doc>
<msg timestamp="20230628 17:02:58.844" level="INFO">${btn_preview} = //*[@id="preview"]</msg>
<status status="PASS" starttime="20230628 17:02:58.841" endtime="20230628 17:02:58.844"/>
</kw>
<kw name="Set Local Variable" library="BuiltIn">
<arg>${btn_order}</arg>
<arg>//*[@id="order"]</arg>
<doc>Makes a variable available everywhere within the local scope.</doc>
<msg timestamp="20230628 17:02:58.849" level="INFO">${btn_order} = //*[@id="order"]</msg>
<status status="PASS" starttime="20230628 17:02:58.845" endtime="20230628 17:02:58.849"/>
</kw>
<kw name="Set Local Variable" library="BuiltIn">
<arg>${img_preview}</arg>
<arg>//*[@id="robot-preview-image"]</arg>
<doc>Makes a variable available everywhere within the local scope.</doc>
<msg timestamp="20230628 17:02:58.854" level="INFO">${img_preview} = //*[@id="robot-preview-image"]</msg>
<status status="PASS" starttime="20230628 17:02:58.850" endtime="20230628 17:02:58.854"/>
</kw>
<kw name="Wait Until Element Is Visible" library="RPA.Browser.Selenium">
<arg>${input_head}</arg>
<doc>Waits until the element ``locator`` is visible.</doc>
<status status="PASS" starttime="20230628 17:02:58.855" endtime="20230628 17:02:58.890"/>
</kw>
<kw name="Wait Until Element Is Enabled" library="RPA.Browser.Selenium">
<arg>${input_head}</arg>
<doc>Waits until the element ``locator`` is enabled.</doc>
<status status="PASS" starttime="20230628 17:02:58.891" endtime="20230628 17:02:58.926"/>
</kw>
<kw name="Select From List By Value" library="RPA.Browser.Selenium">
<arg>${input_head}</arg>
<arg>${head}</arg>
<doc>Selects options from selection list ``locator`` by ``values``.</doc>
<msg timestamp="20230628 17:02:58.931" level="INFO">Selecting options from selection list '//*[@id="head"]' by value 4.</msg>
<status status="PASS" starttime="20230628 17:02:58.928" endtime="20230628 17:02:59.034"/>
</kw>
<kw name="Wait Until Element Is Enabled" library="RPA.Browser.Selenium">
<arg>${input_body}</arg>
<doc>Waits until the element ``locator`` is enabled.</doc>
<status status="PASS" starttime="20230628 17:02:59.035" endtime="20230628 17:02:59.099"/>
</kw>
<kw name="Select Radio Button" library="RPA.Browser.Selenium">
<arg>${input_body}</arg>
<arg>${body}</arg>
<doc>Sets the radio button group ``group_name`` to ``value``.</doc>
<msg timestamp="20230628 17:02:59.101" level="INFO">Selecting '1' from radio button 'body'.</msg>
<status status="PASS" starttime="20230628 17:02:59.099" endtime="20230628 17:02:59.255"/>
</kw>
<kw name="Wait Until Element Is Enabled" library="RPA.Browser.Selenium">
<arg>${input_legs}</arg>
<doc>Waits until the element ``locator`` is enabled.</doc>
<status status="PASS" starttime="20230628 17:02:59.255" endtime="20230628 17:02:59.324"/>
</kw>
<kw name="Input Text" library="RPA.Browser.Selenium">
<arg>${input_legs}</arg>
<arg>${legs}</arg>
<doc>Types the given ``text`` into the text field identified by ``locator``.</doc>
<msg timestamp="20230628 17:02:59.326" level="INFO">Typing text '5' into text field 'xpath://html/body/div/div/div[1]/div/div[1]/form/div[3]/input'.</msg>
<status status="PASS" starttime="20230628 17:02:59.325" endtime="20230628 17:02:59.471"/>
</kw>
<kw name="Wait Until Element Is Enabled" library="RPA.Browser.Selenium">
<arg>${input_address}</arg>
<doc>Waits until the element ``locator`` is enabled.</doc>
<status status="PASS" starttime="20230628 17:02:59.472" endtime="20230628 17:02:59.516"/>
</kw>
<kw name="Input Text" library="RPA.Browser.Selenium">
<arg>${input_address}</arg>
<arg>${address}</arg>
<doc>Types the given ``text`` into the text field identified by ``locator``.</doc>
<msg timestamp="20230628 17:02:59.517" level="INFO">Typing text 'Address 456' into text field '//*[@id="address"]'.</msg>
<status status="PASS" starttime="20230628 17:02:59.516" endtime="20230628 17:02:59.721"/>
</kw>
<status status="PASS" starttime="20230628 17:02:58.804" endtime="20230628 17:02:59.723"/>
</kw>
<kw name="Wait Until Keyword Succeeds" library="BuiltIn">
<arg>10x</arg>
<arg>2s</arg>
<arg>Preview the robot</arg>
<doc>Runs the specified keyword and retries if it fails.</doc>
<kw name="Preview the robot">
<kw name="Set Local Variable" library="BuiltIn">
<arg>${btn_preview}</arg>
<arg>//*[@id="preview"]</arg>
<doc>Makes a variable available everywhere within the local scope.</doc>
<msg timestamp="20230628 17:02:59.729" level="INFO">${btn_preview} = //*[@id="preview"]</msg>
<status status="PASS" starttime="20230628 17:02:59.725" endtime="20230628 17:02:59.729"/>
</kw>
<kw name="Set Local Variable" library="BuiltIn">
<arg>${img_preview}</arg>
<arg>//*[@id="robot-preview-image"]</arg>
<doc>Makes a variable available everywhere within the local scope.</doc>
<msg timestamp="20230628 17:02:59.733" level="INFO">${img_preview} = //*[@id="robot-preview-image"]</msg>
<status status="PASS" starttime="20230628 17:02:59.731" endtime="20230628 17:02:59.734"/>
</kw>
<kw name="Click Button" library="RPA.Browser.Selenium">
<arg>${btn_preview}</arg>
<doc>Clicks the button identified by ``locator``.</doc>
<msg timestamp="20230628 17:02:59.736" level="INFO">Clicking button '//*[@id="preview"]'.</msg>
<status status="PASS" starttime="20230628 17:02:59.734" endtime="20230628 17:02:59.849"/>
</kw>
<kw name="Wait Until Element Is Visible" library="RPA.Browser.Selenium">
<arg>${img_preview}</arg>
<doc>Waits until the element ``locator`` is visible.</doc>
<status status="PASS" starttime="20230628 17:02:59.852" endtime="20230628 17:02:59.886"/>
</kw>
<status status="PASS" starttime="20230628 17:02:59.724" endtime="20230628 17:02:59.887"/>
</kw>
<status status="PASS" starttime="20230628 17:02:59.724" endtime="20230628 17:02:59.887"/>
</kw>
<kw name="Wait Until Keyword Succeeds" library="BuiltIn">
<arg>10x</arg>
<arg>2s</arg>
<arg>Submit The Order</arg>
<doc>Runs the specified keyword and retries if it fails.</doc>
<kw name="Submit the order">
<kw name="Set Local Variable" library="BuiltIn">
<arg>${btn_order}</arg>
<arg>//*[@id="order"]</arg>
<doc>Makes a variable available everywhere within the local scope.</doc>
<msg timestamp="20230628 17:02:59.891" level="INFO">${btn_order} = //*[@id="order"]</msg>
<status status="PASS" starttime="20230628 17:02:59.889" endtime="20230628 17:02:59.891"/>
</kw>
<kw name="Set Local Variable" library="BuiltIn">
<arg>${lbl_receipt}</arg>
<arg>//*[@id="receipt"]</arg>
<doc>Makes a variable available everywhere within the local scope.</doc>
<msg timestamp="20230628 17:02:59.896" level="INFO">${lbl_receipt} = //*[@id="receipt"]</msg>
<status status="PASS" starttime="20230628 17:02:59.892" endtime="20230628 17:02:59.896"/>
</kw>
<kw name="Mute Run On Failure" library="RPA.RobotLogListener">
<arg>Page Should Contain Element</arg>
<doc>Set keywords which should not execute `SeleniumLibrary`
default behaviour of running keyword on failure.</doc>
<kw name="Get Library Instance" library="BuiltIn">
<arg>RPA.Browser</arg>
<doc>Returns the currently active instance of the specified library.</doc>
<msg timestamp="20230628 17:02:59.900" level="FAIL">No library 'RPA.Browser' found.</msg>
<status status="FAIL" starttime="20230628 17:02:59.899" endtime="20230628 17:02:59.902"/>
</kw>
<kw name="Get Library Instance" library="BuiltIn">
<arg>RPA.Browser.Selenium</arg>
<doc>Returns the currently active instance of the specified library.</doc>
<status status="PASS" starttime="20230628 17:02:59.903" endtime="20230628 17:02:59.903"/>
</kw>
<status status="PASS" starttime="20230628 17:02:59.897" endtime="20230628 17:02:59.903"/>
</kw>
<kw name="Click Button" library="RPA.Browser.Selenium">
<arg>${btn_order}</arg>
<doc>Clicks the button identified by ``locator``.</doc>
<msg timestamp="20230628 17:02:59.905" level="INFO">Clicking button '//*[@id="order"]'.</msg>
<status status="PASS" starttime="20230628 17:02:59.904" endtime="20230628 17:03:00.042"/>
</kw>
<kw name="Page Should Contain Element" library="RPA.Browser.Selenium">
<arg>${lbl_receipt}</arg>
<doc>Verifies that element ``locator`` is found on the current page.</doc>
<msg timestamp="20230628 17:03:00.045" level="INFO">No keyword will be run on failure.</msg>
<msg timestamp="20230628 17:03:00.045" level="INFO">No keyword will be run on failure.</msg>
<msg timestamp="20230628 17:03:00.046" level="INFO">No keyword will be run on failure.</msg>
<msg timestamp="20230628 17:03:00.065" level="INFO">Current page contains element '//*[@id="receipt"]'.</msg>
<status status="PASS" starttime="20230628 17:03:00.043" endtime="20230628 17:03:00.065"/>
</kw>
<status status="PASS" starttime="20230628 17:02:59.888" endtime="20230628 17:03:00.066"/>
</kw>
<status status="PASS" starttime="20230628 17:02:59.888" endtime="20230628 17:03:00.066"/>
</kw>
<kw name="Take a screenshot of the robot">
<var>${orderid}</var>
<var>${img_filename}</var>
<kw name="Set Local Variable" library="BuiltIn">
<arg>${lbl_orderid}</arg>
<arg>xpath://html/body/div/div/div[1]/div/div[1]/div/div/p[1]</arg>
<doc>Makes a variable available everywhere within the local scope.</doc>
<msg timestamp="20230628 17:03:00.071" level="INFO">${lbl_orderid} = xpath://html/body/div/div/div[1]/div/div[1]/div/div/p[1]</msg>
<status status="PASS" starttime="20230628 17:03:00.067" endtime="20230628 17:03:00.071"/>
</kw>
<kw name="Set Local Variable" library="BuiltIn">
<arg>${img_robot}</arg>
<arg>//*[@id="robot-preview-image"]</arg>
<doc>Makes a variable available everywhere within the local scope.</doc>
<msg timestamp="20230628 17:03:00.076" level="INFO">${img_robot} = //*[@id="robot-preview-image"]</msg>
<status status="PASS" starttime="20230628 17:03:00.072" endtime="20230628 17:03:00.077"/>
</kw>
<kw name="Wait Until Element Is Visible" library="RPA.Browser.Selenium">
<arg>${img_robot}</arg>
<doc>Waits until the element ``locator`` is visible.</doc>
<status status="PASS" starttime="20230628 17:03:00.079" endtime="20230628 17:03:00.118"/>
</kw>
<kw name="Wait Until Element Is Visible" library="RPA.Browser.Selenium">
<arg>${lbl_orderid}</arg>
<doc>Waits until the element ``locator`` is visible.</doc>
<status status="PASS" starttime="20230628 17:03:00.119" endtime="20230628 17:03:00.149"/>
</kw>
<kw name="Get Text" library="RPA.Browser.Selenium">
<var>${orderid}</var>
<arg>//*[@id="receipt"]/p[1]</arg>
<doc>Returns the text value of the element identified by ``locator``.</doc>
<msg timestamp="20230628 17:03:00.180" level="INFO">${orderid} = RSB-ROBO-ORDER-9H9XQ8NV9W</msg>
<status status="PASS" starttime="20230628 17:03:00.150" endtime="20230628 17:03:00.182"/>
</kw>
<kw name="Set Local Variable" library="BuiltIn">
<arg>${fully_qualified_img_filename}</arg>
<arg>${img_folder}${/}${orderid}.png</arg>
<doc>Makes a variable available everywhere within the local scope.</doc>
<msg timestamp="20230628 17:03:00.186" level="INFO">${fully_qualified_img_filename} = c:\Users\venka\Desktop\level-2\image_files\RSB-ROBO-ORDER-9H9XQ8NV9W.png</msg>
<status status="PASS" starttime="20230628 17:03:00.183" endtime="20230628 17:03:00.187"/>
</kw>
<kw name="Sleep" library="BuiltIn">
<arg>1sec</arg>
<doc>Pauses the test executed for the given time.</doc>
<msg timestamp="20230628 17:03:01.199" level="INFO">Slept 1 second</msg>
<status status="PASS" starttime="20230628 17:03:00.188" endtime="20230628 17:03:01.199"/>
</kw>
<kw name="Log To Console" library="BuiltIn">
<arg>Capturing Screenshot to ${fully_qualified_img_filename}</arg>
<doc>Logs the given message to the console.</doc>
<status status="PASS" starttime="20230628 17:03:01.200" endtime="20230628 17:03:01.202"/>
</kw>
<kw name="Capture Element Screenshot" library="RPA.Browser.Selenium">
<arg>${img_robot}</arg>
<arg>${fully_qualified_img_filename}</arg>
<doc>Captures a screenshot from the element identified by ``locator`` and embeds it into log file.</doc>
<msg timestamp="20230628 17:03:01.319" level="INFO" html="true">&lt;/td&gt;&lt;/tr&gt;&lt;tr&gt;&lt;td colspan="3"&gt;&lt;a href="file:///C:/Users/venka/Desktop/level-2/image_files/RSB-ROBO-ORDER-9H9XQ8NV9W.png"&gt;&lt;img src="file:///C:/Users/venka/Desktop/level-2/image_files/RSB-ROBO-ORDER-9H9XQ8NV9W.png" width="400px"&gt;&lt;/a&gt;</msg>
<status status="PASS" starttime="20230628 17:03:01.203" endtime="20230628 17:03:01.320"/>
</kw>
<msg timestamp="20230628 17:03:01.321" level="INFO">${orderid} = RSB-ROBO-ORDER-9H9XQ8NV9W</msg>
<msg timestamp="20230628 17:03:01.321" level="INFO">${img_filename} = c:\Users\venka\Desktop\level-2\image_files\RSB-ROBO-ORDER-9H9XQ8NV9W.png</msg>
<status status="PASS" starttime="20230628 17:03:00.067" endtime="20230628 17:03:01.321"/>
</kw>
<kw name="Store the receipt as a PDF file">
<var>${pdf_filename}</var>
<arg>ORDER_NUMBER=${order_id}</arg>
<kw name="Wait Until Element Is Visible" library="RPA.Browser.Selenium">
<arg>//*[@id="receipt"]</arg>
<doc>Waits until the element ``locator`` is visible.</doc>
<status status="PASS" starttime="20230628 17:03:01.323" endtime="20230628 17:03:01.348"/>
</kw>
<kw name="Log To Console" library="BuiltIn">
<arg>Printing ${ORDER_NUMBER}</arg>
<doc>Logs the given message to the console.</doc>
<status status="PASS" starttime="20230628 17:03:01.349" endtime="20230628 17:03:01.350"/>
</kw>
<kw name="Get Element Attribute" library="RPA.Browser.Selenium">
<var>${order_receipt_html}</var>
<arg>//*[@id="receipt"]</arg>
<arg>outerHTML</arg>
<doc>Returns the value of ``attribute`` from the element ``locator``.</doc>
<msg timestamp="20230628 17:03:01.370" level="INFO">${order_receipt_html} = &lt;div id="receipt" class="alert alert-success" role="alert"&gt;&lt;h3&gt;Receipt&lt;/h3&gt;&lt;div&gt;2023-06-28T11:33:00.025Z&lt;/div&gt;&lt;p class="badge badge-success"&gt;RSB-ROBO-ORDER-9H9XQ8NV9W&lt;/p&gt;&lt;p&gt;Address 456&lt;/p&gt;&lt;div id="par...</msg>
<status status="PASS" starttime="20230628 17:03:01.350" endtime="20230628 17:03:01.371"/>
</kw>
<kw name="Set Local Variable" library="BuiltIn">
<arg>${fully_qualified_pdf_filename}</arg>
<arg>${pdf_folder}${/}${ORDER_NUMBER}.pdf</arg>
<doc>Makes a variable available everywhere within the local scope.</doc>
<msg timestamp="20230628 17:03:01.373" level="INFO">${fully_qualified_pdf_filename} = c:\Users\venka\Desktop\level-2\pdf_files\RSB-ROBO-ORDER-9H9XQ8NV9W.pdf</msg>
<status status="PASS" starttime="20230628 17:03:01.371" endtime="20230628 17:03:01.374"/>
</kw>
<kw name="Html To Pdf" library="RPA.PDF">
<arg>content=${order_receipt_html}</arg>
<arg>output_path=${fully_qualified_pdf_filename}</arg>
<doc>Generate a PDF file from HTML content.</doc>
<msg timestamp="20230628 17:03:01.376" level="INFO">Writing output to file C:\Users\venka\Desktop\level-2\pdf_files\RSB-ROBO-ORDER-9H9XQ8NV9W.pdf</msg>
<msg timestamp="20230628 17:03:01.697" level="INFO">maxp pruned</msg>
<msg timestamp="20230628 17:03:01.698" level="INFO">cmap pruned</msg>
<msg timestamp="20230628 17:03:01.698" level="INFO">post pruned</msg>
<msg timestamp="20230628 17:03:01.699" level="INFO">GDEF dropped</msg>
<msg timestamp="20230628 17:03:01.699" level="INFO">GPOS dropped</msg>
<msg timestamp="20230628 17:03:01.699" level="INFO">GSUB dropped</msg>
<msg timestamp="20230628 17:03:01.702" level="INFO">name pruned</msg>
<msg timestamp="20230628 17:03:01.706" level="INFO">glyf pruned</msg>
<msg timestamp="20230628 17:03:01.707" level="INFO">Added gid0 to subset</msg>
<msg timestamp="20230628 17:03:01.707" level="INFO">Added first four glyphs to subset</msg>
<msg timestamp="20230628 17:03:01.707" level="INFO">Closing glyph list over 'glyf': 59 glyphs before</msg>
<msg timestamp="20230628 17:03:01.707" level="INFO">Glyph names: ['.notdef', '.null', 'uni0020', 'uni0021', 'uni002D', 'uni002E', 'uni0030', 'uni0031', 'uni0032', 'uni0033', 'uni0034', 'uni0035', 'uni0036', 'uni0037', 'uni0038', 'uni0039', 'uni003A', 'uni0041', 'uni0042', 'uni0044', 'uni0045', 'uni0048', 'uni004C', 'uni004E', 'uni004F', 'uni0051', 'uni0052', 'uni0053', 'uni0054', 'uni0056', 'uni0057', 'uni0058', 'uni0059', 'uni005A', 'uni0061', 'uni0062', 'uni0063', 'uni0064', 'uni0065', 'uni0066', 'uni0067', 'uni0068', 'uni0069', 'uni006B', 'uni006C', 'uni006D', 'uni006E', 'uni006F', 'uni0070', 'uni0072', 'uni0073', 'uni0074', 'uni0075', 'uni0076', 'uni0077', 'uni0079', 'uni007B', 'uni007D', 'uni00C4']</msg>
<msg timestamp="20230628 17:03:01.708" level="INFO">Glyph IDs:   [0, 1, 2, 3, 65, 84, 95, 161, 280, 299, 320, 381, 382, 395, 409, 453, 456, 463, 469, 493, 504, 575, 582, 594, 612, 645, 650, 660, 679, 715, 723, 752, 759, 775, 827, 837, 867, 884, 899, 932, 936, 950, 1294, 1295, 1296, 1298, 1299, 1300, 1302, 1303, 1304, 1305, 1329, 1345, 1346, 1361, 1404, 1407, 1681]</msg>
<msg timestamp="20230628 17:03:01.708" level="INFO">Closed glyph list over 'glyf': 59 glyphs after</msg>
<msg timestamp="20230628 17:03:01.708" level="INFO">Glyph names: ['.notdef', '.null', 'uni0020', 'uni0021', 'uni002D', 'uni002E', 'uni0030', 'uni0031', 'uni0032', 'uni0033', 'uni0034', 'uni0035', 'uni0036', 'uni0037', 'uni0038', 'uni0039', 'uni003A', 'uni0041', 'uni0042', 'uni0044', 'uni0045', 'uni0048', 'uni004C', 'uni004E', 'uni004F', 'uni0051', 'uni0052', 'uni0053', 'uni0054', 'uni0056', 'uni0057', 'uni0058', 'uni0059', 'uni005A', 'uni0061', 'uni0062', 'uni0063', 'uni0064', 'uni0065', 'uni0066', 'uni0067', 'uni0068', 'uni0069', 'uni006B', 'uni006C', 'uni006D', 'uni006E', 'uni006F', 'uni0070', 'uni0072', 'uni0073', 'uni0074', 'uni0075', 'uni0076', 'uni0077', 'uni0079', 'uni007B', 'uni007D', 'uni00C4']</msg>
<msg timestamp="20230628 17:03:01.709" level="INFO">Glyph IDs:   [0, 1, 2, 3, 65, 84, 95, 161, 280, 299, 320, 381, 382, 395, 409, 453, 456, 463, 469, 493, 504, 575, 582, 594, 612, 645, 650, 660, 679, 715, 723, 752, 759, 775, 827, 837, 867, 884, 899, 932, 936, 950, 1294, 1295, 1296, 1298, 1299, 1300, 1302, 1303, 1304, 1305, 1329, 1345, 1346, 1361, 1404, 1407, 1681]</msg>
<msg timestamp="20230628 17:03:01.709" level="INFO">Retaining 59 glyphs</msg>
<msg timestamp="20230628 17:03:01.710" level="INFO">head subsetting not needed</msg>
<msg timestamp="20230628 17:03:01.711" level="INFO">hhea subsetting not needed</msg>
<msg timestamp="20230628 17:03:01.712" level="INFO">maxp subsetting not needed</msg>
<msg timestamp="20230628 17:03:01.712" level="INFO">OS/2 subsetting not needed</msg>
<msg timestamp="20230628 17:03:01.715" level="INFO">hmtx subsetted</msg>
<msg timestamp="20230628 17:03:01.717" level="INFO">cmap subsetted</msg>
<msg timestamp="20230628 17:03:01.717" level="INFO">prep subsetting not needed</msg>
<msg timestamp="20230628 17:03:01.718" level="INFO">loca subsetting not needed</msg>
<msg timestamp="20230628 17:03:01.718" level="INFO">post subsetted</msg>
<msg timestamp="20230628 17:03:01.718" level="INFO">gasp subsetting not needed</msg>
<msg timestamp="20230628 17:03:01.719" level="INFO">STAT subsetting not needed</msg>
<msg timestamp="20230628 17:03:01.719" level="INFO">name subsetting not needed</msg>
<msg timestamp="20230628 17:03:01.721" level="INFO">glyf subsetted</msg>
<msg timestamp="20230628 17:03:01.722" level="INFO">head pruned</msg>
<msg timestamp="20230628 17:03:01.722" level="INFO">OS/2 Unicode ranges pruned: [0]</msg>
<msg timestamp="20230628 17:03:01.724" level="INFO">glyf pruned</msg>
<msg timestamp="20230628 17:03:01.780" level="INFO">maxp pruned</msg>
<msg timestamp="20230628 17:03:01.781" level="INFO">cmap pruned</msg>
<msg timestamp="20230628 17:03:01.781" level="INFO">post pruned</msg>
<msg timestamp="20230628 17:03:01.782" level="INFO">GDEF dropped</msg>
<msg timestamp="20230628 17:03:01.782" level="INFO">GPOS dropped</msg>
<msg timestamp="20230628 17:03:01.782" level="INFO">GSUB dropped</msg>
<msg timestamp="20230628 17:03:01.784" level="INFO">name pruned</msg>
<msg timestamp="20230628 17:03:01.790" level="INFO">glyf pruned</msg>
<msg timestamp="20230628 17:03:01.792" level="INFO">Added gid0 to subset</msg>
<msg timestamp="20230628 17:03:01.792" level="INFO">Added first four glyphs to subset</msg>
<msg timestamp="20230628 17:03:01.792" level="INFO">Closing glyph list over 'glyf': 19 glyphs before</msg>
<msg timestamp="20230628 17:03:01.794" level="INFO">Glyph names: ['.notdef', '.null', 'uni0020', 'uni0030', 'uni0031', 'uni0032', 'uni0033', 'uni0034', 'uni0035', 'uni0036', 'uni0037', 'uni0038', 'uni0039', 'uni0041', 'uni0062', 'uni006E', 'uni007B', 'uni007D', 'uni00C4']</msg>
<msg timestamp="20230628 17:03:01.795" level="INFO">Glyph IDs:   [0, 1, 2, 3, 575, 759, 1294, 1295, 1296, 1298, 1299, 1300, 1302, 1303, 1304, 1305, 1345, 1346, 1681]</msg>
<msg timestamp="20230628 17:03:01.796" level="INFO">Closed glyph list over 'glyf': 19 glyphs after</msg>
<msg timestamp="20230628 17:03:01.796" level="INFO">Glyph names: ['.notdef', '.null', 'uni0020', 'uni0030', 'uni0031', 'uni0032', 'uni0033', 'uni0034', 'uni0035', 'uni0036', 'uni0037', 'uni0038', 'uni0039', 'uni0041', 'uni0062', 'uni006E', 'uni007B', 'uni007D', 'uni00C4']</msg>
<msg timestamp="20230628 17:03:01.797" level="INFO">Glyph IDs:   [0, 1, 2, 3, 575, 759, 1294, 1295, 1296, 1298, 1299, 1300, 1302, 1303, 1304, 1305, 1345, 1346, 1681]</msg>
<msg timestamp="20230628 17:03:01.798" level="INFO">Retaining 19 glyphs</msg>
<msg timestamp="20230628 17:03:01.799" level="INFO">head subsetting not needed</msg>
<msg timestamp="20230628 17:03:01.799" level="INFO">hhea subsetting not needed</msg>
<msg timestamp="20230628 17:03:01.800" level="INFO">maxp subsetting not needed</msg>
<msg timestamp="20230628 17:03:01.800" level="INFO">OS/2 subsetting not needed</msg>
<msg timestamp="20230628 17:03:01.803" level="INFO">hmtx subsetted</msg>
<msg timestamp="20230628 17:03:01.805" level="INFO">cmap subsetted</msg>
<msg timestamp="20230628 17:03:01.805" level="INFO">prep subsetting not needed</msg>
<msg timestamp="20230628 17:03:01.806" level="INFO">loca subsetting not needed</msg>
<msg timestamp="20230628 17:03:01.806" level="INFO">post subsetted</msg>
<msg timestamp="20230628 17:03:01.807" level="INFO">gasp subsetting not needed</msg>
<msg timestamp="20230628 17:03:01.807" level="INFO">STAT subsetting not needed</msg>
<msg timestamp="20230628 17:03:01.807" level="INFO">name subsetting not needed</msg>
<msg timestamp="20230628 17:03:01.809" level="INFO">glyf subsetted</msg>
<msg timestamp="20230628 17:03:01.810" level="INFO">head pruned</msg>
<msg timestamp="20230628 17:03:01.812" level="INFO">OS/2 Unicode ranges pruned: [0]</msg>
<msg timestamp="20230628 17:03:01.813" level="INFO">glyf pruned</msg>
<msg timestamp="20230628 17:03:01.844" level="INFO">maxp pruned</msg>
<msg timestamp="20230628 17:03:01.846" level="INFO">cmap pruned</msg>
<msg timestamp="20230628 17:03:01.847" level="INFO">post pruned</msg>
<msg timestamp="20230628 17:03:01.847" level="INFO">GDEF dropped</msg>
<msg timestamp="20230628 17:03:01.847" level="INFO">GPOS dropped</msg>
<msg timestamp="20230628 17:03:01.847" level="INFO">GSUB dropped</msg>
<msg timestamp="20230628 17:03:01.848" level="INFO">name pruned</msg>
<msg timestamp="20230628 17:03:01.854" level="INFO">glyf pruned</msg>
<msg timestamp="20230628 17:03:01.858" level="INFO">Added gid0 to subset</msg>
<msg timestamp="20230628 17:03:01.858" level="INFO">Added first four glyphs to subset</msg>
<msg timestamp="20230628 17:03:01.858" level="INFO">Closing glyph list over 'glyf': 18 glyphs before</msg>
<msg timestamp="20230628 17:03:01.859" level="INFO">Glyph names: ['.notdef', '.null', 'uni0020', 'uni0030', 'uni0031', 'uni0032', 'uni0033', 'uni0034', 'uni0035', 'uni0036', 'uni0037', 'uni0038', 'uni0039', 'uni0062', 'uni006E', 'uni007B', 'uni007D', 'uni00A0']</msg>
<msg timestamp="20230628 17:03:01.859" level="INFO">Glyph IDs:   [0, 1, 2, 3, 544, 727, 1256, 1257, 1258, 1260, 1261, 1262, 1264, 1265, 1266, 1267, 1307, 1308]</msg>
<msg timestamp="20230628 17:03:01.860" level="INFO">Closed glyph list over 'glyf': 18 glyphs after</msg>
<msg timestamp="20230628 17:03:01.860" level="INFO">Glyph names: ['.notdef', '.null', 'uni0020', 'uni0030', 'uni0031', 'uni0032', 'uni0033', 'uni0034', 'uni0035', 'uni0036', 'uni0037', 'uni0038', 'uni0039', 'uni0062', 'uni006E', 'uni007B', 'uni007D', 'uni00A0']</msg>
<msg timestamp="20230628 17:03:01.861" level="INFO">Glyph IDs:   [0, 1, 2, 3, 544, 727, 1256, 1257, 1258, 1260, 1261, 1262, 1264, 1265, 1266, 1267, 1307, 1308]</msg>
<msg timestamp="20230628 17:03:01.862" level="INFO">Retaining 18 glyphs</msg>
<msg timestamp="20230628 17:03:01.862" level="INFO">head subsetting not needed</msg>
<msg timestamp="20230628 17:03:01.862" level="INFO">hhea subsetting not needed</msg>
<msg timestamp="20230628 17:03:01.863" level="INFO">maxp subsetting not needed</msg>
<msg timestamp="20230628 17:03:01.863" level="INFO">OS/2 subsetting not needed</msg>
<msg timestamp="20230628 17:03:01.865" level="INFO">hmtx subsetted</msg>
<msg timestamp="20230628 17:03:01.867" level="INFO">cmap subsetted</msg>
<msg timestamp="20230628 17:03:01.867" level="INFO">loca subsetting not needed</msg>
<msg timestamp="20230628 17:03:01.867" level="INFO">post subsetted</msg>
<msg timestamp="20230628 17:03:01.868" level="INFO">name subsetting not needed</msg>
<msg timestamp="20230628 17:03:01.870" level="INFO">glyf subsetted</msg>
<msg timestamp="20230628 17:03:01.870" level="INFO">head pruned</msg>
<msg timestamp="20230628 17:03:01.871" level="INFO">OS/2 Unicode ranges pruned: [0]</msg>
<msg timestamp="20230628 17:03:01.872" level="INFO">glyf pruned</msg>
<msg timestamp="20230628 17:03:01.905" level="INFO">maxp pruned</msg>
<msg timestamp="20230628 17:03:01.906" level="INFO">cmap pruned</msg>
<msg timestamp="20230628 17:03:01.906" level="INFO">post pruned</msg>
<msg timestamp="20230628 17:03:01.907" level="INFO">GDEF dropped</msg>
<msg timestamp="20230628 17:03:01.907" level="INFO">GPOS dropped</msg>
<msg timestamp="20230628 17:03:01.907" level="INFO">GSUB dropped</msg>
<msg timestamp="20230628 17:03:01.908" level="INFO">name pruned</msg>
<msg timestamp="20230628 17:03:01.916" level="INFO">glyf pruned</msg>
<msg timestamp="20230628 17:03:01.923" level="INFO">Added gid0 to subset</msg>
<msg timestamp="20230628 17:03:01.923" level="INFO">Added first four glyphs to subset</msg>
<msg timestamp="20230628 17:03:01.924" level="INFO">Closing glyph list over 'glyf': 18 glyphs before</msg>
<msg timestamp="20230628 17:03:01.924" level="INFO">Glyph names: ['.notdef', '.null', 'uni0020', 'uni0030', 'uni0031', 'uni0032', 'uni0033', 'uni0034', 'uni0035', 'uni0036', 'uni0037', 'uni0038', 'uni0039', 'uni0062', 'uni006E', 'uni007B', 'uni007D', 'uni00A0']</msg>
<msg timestamp="20230628 17:03:01.925" level="INFO">Glyph IDs:   [0, 1, 2, 3, 544, 727, 1256, 1257, 1258, 1260, 1261, 1262, 1264, 1265, 1266, 1267, 1307, 1308]</msg>
<msg timestamp="20230628 17:03:01.926" level="INFO">Closed glyph list over 'glyf': 18 glyphs after</msg>
<msg timestamp="20230628 17:03:01.926" level="INFO">Glyph names: ['.notdef', '.null', 'uni0020', 'uni0030', 'uni0031', 'uni0032', 'uni0033', 'uni0034', 'uni0035', 'uni0036', 'uni0037', 'uni0038', 'uni0039', 'uni0062', 'uni006E', 'uni007B', 'uni007D', 'uni00A0']</msg>
<msg timestamp="20230628 17:03:01.928" level="INFO">Glyph IDs:   [0, 1, 2, 3, 544, 727, 1256, 1257, 1258, 1260, 1261, 1262, 1264, 1265, 1266, 1267, 1307, 1308]</msg>
<msg timestamp="20230628 17:03:01.928" level="INFO">Retaining 18 glyphs</msg>
<msg timestamp="20230628 17:03:01.930" level="INFO">head subsetting not needed</msg>
<msg timestamp="20230628 17:03:01.931" level="INFO">hhea subsetting not needed</msg>
<msg timestamp="20230628 17:03:01.932" level="INFO">maxp subsetting not needed</msg>
<msg timestamp="20230628 17:03:01.932" level="INFO">OS/2 subsetting not needed</msg>
<msg timestamp="20230628 17:03:01.936" level="INFO">hmtx subsetted</msg>
<msg timestamp="20230628 17:03:01.938" level="INFO">cmap subsetted</msg>
<msg timestamp="20230628 17:03:01.939" level="INFO">loca subsetting not needed</msg>
<msg timestamp="20230628 17:03:01.939" level="INFO">post subsetted</msg>
<msg timestamp="20230628 17:03:01.940" level="INFO">name subsetting not needed</msg>
<msg timestamp="20230628 17:03:01.941" level="INFO">glyf subsetted</msg>
<msg timestamp="20230628 17:03:01.941" level="INFO">head pruned</msg>
<msg timestamp="20230628 17:03:01.942" level="INFO">OS/2 Unicode ranges pruned: [0]</msg>
<msg timestamp="20230628 17:03:01.944" level="INFO">glyf pruned</msg>
<status status="PASS" starttime="20230628 17:03:01.374" endtime="20230628 17:03:01.970"/>
</kw>
<msg timestamp="20230628 17:03:01.972" level="INFO">${pdf_filename} = c:\Users\venka\Desktop\level-2\pdf_files\RSB-ROBO-ORDER-9H9XQ8NV9W.pdf</msg>
<status status="PASS" starttime="20230628 17:03:01.322" endtime="20230628 17:03:01.972"/>
</kw>
<kw name="Embed the robot screenshot to the receipt PDF file">
<arg>IMG_FILE=${img_filename}</arg>
<arg>PDF_FILE=${pdf_filename}</arg>
<kw name="Log To Console" library="BuiltIn">
<arg>Printing Embedding image ${IMG_FILE} in pdf file ${PDF_FILE}</arg>
<doc>Logs the given message to the console.</doc>
<status status="PASS" starttime="20230628 17:03:01.974" endtime="20230628 17:03:01.976"/>
</kw>
<kw name="Open Pdf" library="RPA.PDF">
<arg>${PDF_FILE}</arg>
<doc>Open a PDF document for reading.</doc>
<status status="PASS" starttime="20230628 17:03:01.978" endtime="20230628 17:03:01.992"/>
</kw>
<kw name="Create List" library="BuiltIn">
<var>@{myfiles}</var>
<arg>${IMG_FILE}:x=0,y=0</arg>
<doc>Returns a list containing given items.</doc>
<msg timestamp="20230628 17:03:01.997" level="INFO">@{myfiles} = [ c:\Users\venka\Desktop\level-2\image_files\RSB-ROBO-ORDER-9H9XQ8NV9W.png:x=0,y=0 ]</msg>
<status status="PASS" starttime="20230628 17:03:01.995" endtime="20230628 17:03:01.998"/>
</kw>
<kw name="Add Files To Pdf" library="RPA.PDF">
<arg>${myfiles}</arg>
<arg>${PDF_FILE}</arg>
<arg>${True}</arg>
<doc>Add images and/or pdfs to new PDF document.</doc>
<msg timestamp="20230628 17:03:02.002" level="INFO">Adding page: 0</msg>
<msg timestamp="20230628 17:03:02.007" level="WARN">Object 7 0 found</msg>
<msg timestamp="20230628 17:03:02.009" level="WARN">Overwriting cache for 0 7</msg>
<msg timestamp="20230628 17:03:02.016" level="WARN">Object 14 0 found</msg>
<msg timestamp="20230628 17:03:02.017" level="WARN">Overwriting cache for 0 14</msg>
<msg timestamp="20230628 17:03:02.021" level="WARN">Object 21 0 found</msg>
<msg timestamp="20230628 17:03:02.023" level="WARN">Overwriting cache for 0 21</msg>
<msg timestamp="20230628 17:03:02.026" level="WARN">Object 28 0 found</msg>
<msg timestamp="20230628 17:03:02.030" level="WARN">Overwriting cache for 0 28</msg>
<msg timestamp="20230628 17:03:02.048" level="INFO">File c:\Users\venka\Desktop\level-2\image_files\RSB-ROBO-ORDER-9H9XQ8NV9W.png type: png</msg>
<msg timestamp="20230628 17:03:02.049" level="INFO">Image parameters: {'x': '0', 'y': '0'}</msg>
<status status="PASS" starttime="20230628 17:03:01.999" endtime="20230628 17:03:02.132"/>
</kw>
<status status="PASS" starttime="20230628 17:03:01.973" endtime="20230628 17:03:02.133"/>
</kw>
<kw name="Go to order another robot">
<kw name="Set Local Variable" library="BuiltIn">
<arg>${btn_order_another_robot}</arg>
<arg>//*[@id="order-another"]</arg>
<doc>Makes a variable available everywhere within the local scope.</doc>
<msg timestamp="20230628 17:03:02.137" level="INFO">${btn_order_another_robot} = //*[@id="order-another"]</msg>
<status status="PASS" starttime="20230628 17:03:02.135" endtime="20230628 17:03:02.138"/>
</kw>
<kw name="Click Button" library="RPA.Browser.Selenium">
<arg>${btn_order_another_robot}</arg>
<doc>Clicks the button identified by ``locator``.</doc>
<msg timestamp="20230628 17:03:02.139" level="INFO">Clicking button '//*[@id="order-another"]'.</msg>
<status status="PASS" starttime="20230628 17:03:02.138" endtime="20230628 17:03:02.353"/>
</kw>
<status status="PASS" starttime="20230628 17:03:02.133" endtime="20230628 17:03:02.354"/>
</kw>
<status status="PASS" starttime="20230628 17:02:58.663" endtime="20230628 17:03:02.354"/>
</iter>
<iter>
<var name="${data}">{'Order number': '3', 'Head': '6', 'Body': '2', 'Legs': '3', 'Address': 'Address 789'}</var>
<kw name="Wait And Click Button" library="RPA.Browser.Selenium">
<arg>//button[normalize-space()='OK']</arg>
<doc>Click button identified by ``locator``, once it becomes visible.</doc>
<msg timestamp="20230628 17:03:02.390" level="INFO">Clicking button '//button[normalize-space()='OK']'.</msg>
<status status="PASS" starttime="20230628 17:03:02.356" endtime="20230628 17:03:02.532"/>
</kw>
<kw name="Fill the form">
<arg>${data}</arg>
<kw name="Set Local Variable" library="BuiltIn">
<arg>${order_no}</arg>
<arg>${myrow}[Order number]</arg>
<doc>Makes a variable available everywhere within the local scope.</doc>
<msg timestamp="20230628 17:03:02.538" level="INFO">${order_no} = 3</msg>
<status status="PASS" starttime="20230628 17:03:02.535" endtime="20230628 17:03:02.538"/>
</kw>
<kw name="Set Local Variable" library="BuiltIn">
<arg>${head}</arg>
<arg>${myrow}[Head]</arg>
<doc>Makes a variable available everywhere within the local scope.</doc>
<msg timestamp="20230628 17:03:02.542" level="INFO">${head} = 6</msg>
<status status="PASS" starttime="20230628 17:03:02.539" endtime="20230628 17:03:02.542"/>
</kw>
<kw name="Set Local Variable" library="BuiltIn">
<arg>${body}</arg>
<arg>${myrow}[Body]</arg>
<doc>Makes a variable available everywhere within the local scope.</doc>
<msg timestamp="20230628 17:03:02.546" level="INFO">${body} = 2</msg>
<status status="PASS" starttime="20230628 17:03:02.543" endtime="20230628 17:03:02.547"/>
</kw>
<kw name="Set Local Variable" library="BuiltIn">
<arg>${legs}</arg>
<arg>${myrow}[Legs]</arg>
<doc>Makes a variable available everywhere within the local scope.</doc>
<msg timestamp="20230628 17:03:02.550" level="INFO">${legs} = 3</msg>
<status status="PASS" starttime="20230628 17:03:02.548" endtime="20230628 17:03:02.550"/>
</kw>
<kw name="Set Local Variable" library="BuiltIn">
<arg>${address}</arg>
<arg>${myrow}[Address]</arg>
<doc>Makes a variable available everywhere within the local scope.</doc>
<msg timestamp="20230628 17:03:02.553" level="INFO">${address} = Address 789</msg>
<status status="PASS" starttime="20230628 17:03:02.551" endtime="20230628 17:03:02.553"/>
</kw>
<kw name="Set Local Variable" library="BuiltIn">
<arg>${input_head}</arg>
<arg>//*[@id="head"]</arg>
<doc>Makes a variable available everywhere within the local scope.</doc>
<msg timestamp="20230628 17:03:02.557" level="INFO">${input_head} = //*[@id="head"]</msg>
<status status="PASS" starttime="20230628 17:03:02.554" endtime="20230628 17:03:02.557"/>
</kw>
<kw name="Set Local Variable" library="BuiltIn">
<arg>${input_body}</arg>
<arg>body</arg>
<doc>Makes a variable available everywhere within the local scope.</doc>
<msg timestamp="20230628 17:03:02.562" level="INFO">${input_body} = body</msg>
<status status="PASS" starttime="20230628 17:03:02.558" endtime="20230628 17:03:02.562"/>
</kw>
<kw name="Set Local Variable" library="BuiltIn">
<arg>${input_legs}</arg>
<arg>xpath://html/body/div/div/div[1]/div/div[1]/form/div[3]/input</arg>
<doc>Makes a variable available everywhere within the local scope.</doc>
<msg timestamp="20230628 17:03:02.567" level="INFO">${input_legs} = xpath://html/body/div/div/div[1]/div/div[1]/form/div[3]/input</msg>
<status status="PASS" starttime="20230628 17:03:02.563" endtime="20230628 17:03:02.567"/>
</kw>
[...]
<msg timestamp="20230628 17:04:28.355" level="INFO">GSUB dropped</msg>
<msg timestamp="20230628 17:04:28.356" level="INFO">name pruned</msg>
<msg timestamp="20230628 17:04:28.363" level="INFO">glyf pruned</msg>
<msg timestamp="20230628 17:04:28.367" level="INFO">Added gid0 to subset</msg>
<msg timestamp="20230628 17:04:28.367" level="INFO">Added first four glyphs to subset</msg>
<msg timestamp="20230628 17:04:28.367" level="INFO">Closing glyph list over 'glyf': 18 glyphs before</msg>
<msg timestamp="20230628 17:04:28.367" level="INFO">Glyph names: ['.notdef', '.null', 'uni0020', 'uni0030', 'uni0031', 'uni0032', 'uni0033', 'uni0034', 'uni0035', 'uni0036', 'uni0037', 'uni0038', 'uni0039', 'uni0062', 'uni006E', 'uni007B', 'uni007D', 'uni00A0']</msg>
<msg timestamp="20230628 17:04:28.368" level="INFO">Glyph IDs:   [0, 1, 2, 3, 544, 727, 1256, 1257, 1258, 1260, 1261, 1262, 1264, 1265, 1266, 1267, 1307, 1308]</msg>
<msg timestamp="20230628 17:04:28.369" level="INFO">Closed glyph list over 'glyf': 18 glyphs after</msg>
<msg timestamp="20230628 17:04:28.369" level="INFO">Glyph names: ['.notdef', '.null', 'uni0020', 'uni0030', 'uni0031', 'uni0032', 'uni0033', 'uni0034', 'uni0035', 'uni0036', 'uni0037', 'uni0038', 'uni0039', 'uni0062', 'uni006E', 'uni007B', 'uni007D', 'uni00A0']</msg>
<msg timestamp="20230628 17:04:28.369" level="INFO">Glyph IDs:   [0, 1, 2, 3, 544, 727, 1256, 1257, 1258, 1260, 1261, 1262, 1264, 1265, 1266, 1267, 1307, 1308]</msg>
<msg timestamp="20230628 17:04:28.370" level="INFO">Retaining 18 glyphs</msg>
<msg timestamp="20230628 17:04:28.370" level="INFO">head subsetting not needed</msg>
<msg timestamp="20230628 17:04:28.371" level="INFO">hhea subsetting not needed</msg>
<msg timestamp="20230628 17:04:28.371" level="INFO">maxp subsetting not needed</msg>
<msg timestamp="20230628 17:04:28.371" level="INFO">OS/2 subsetting not needed</msg>
<msg timestamp="20230628 17:04:28.374" level="INFO">hmtx subsetted</msg>
<msg timestamp="20230628 17:04:28.375" level="INFO">cmap subsetted</msg>
<msg timestamp="20230628 17:04:28.376" level="INFO">loca subsetting not needed</msg>
<msg timestamp="20230628 17:04:28.376" level="INFO">post subsetted</msg>
<msg timestamp="20230628 17:04:28.376" level="INFO">name subsetting not needed</msg>
<msg timestamp="20230628 17:04:28.380" level="INFO">glyf subsetted</msg>
<msg timestamp="20230628 17:04:28.380" level="INFO">head pruned</msg>
<msg timestamp="20230628 17:04:28.381" level="INFO">OS/2 Unicode ranges pruned: [0]</msg>
<msg timestamp="20230628 17:04:28.382" level="INFO">glyf pruned</msg>
<status status="PASS" starttime="20230628 17:04:27.861" endtime="20230628 17:04:28.405"/>
</kw>
<msg timestamp="20230628 17:04:28.406" level="INFO">${pdf_filename} = c:\Users\venka\Desktop\level-2\pdf_files\RSB-ROBO-ORDER-BP46AGKXUF.pdf</msg>
<status status="PASS" starttime="20230628 17:04:27.799" endtime="20230628 17:04:28.406"/>
</kw>
<kw name="Embed the robot screenshot to the receipt PDF file">
<arg>IMG_FILE=${img_filename}</arg>
<arg>PDF_FILE=${pdf_filename}</arg>
<kw name="Log To Console" library="BuiltIn">
<arg>Printing Embedding image ${IMG_FILE} in pdf file ${PDF_FILE}</arg>
<doc>Logs the given message to the console.</doc>
<status status="PASS" starttime="20230628 17:04:28.409" endtime="20230628 17:04:28.410"/>
</kw>
<kw name="Open Pdf" library="RPA.PDF">
<arg>${PDF_FILE}</arg>
<doc>Open a PDF document for reading.</doc>
<status status="PASS" starttime="20230628 17:04:28.413" endtime="20230628 17:04:28.431"/>
</kw>
<kw name="Create List" library="BuiltIn">
<var>@{myfiles}</var>
<arg>${IMG_FILE}:x=0,y=0</arg>
<doc>Returns a list containing given items.</doc>
<msg timestamp="20230628 17:04:28.433" level="INFO">@{myfiles} = [ c:\Users\venka\Desktop\level-2\image_files\RSB-ROBO-ORDER-BP46AGKXUF.png:x=0,y=0 ]</msg>
<status status="PASS" starttime="20230628 17:04:28.432" endtime="20230628 17:04:28.433"/>
</kw>
<kw name="Add Files To Pdf" library="RPA.PDF">
<arg>${myfiles}</arg>
<arg>${PDF_FILE}</arg>
<arg>${True}</arg>
<doc>Add images and/or pdfs to new PDF document.</doc>
<msg timestamp="20230628 17:04:28.437" level="INFO">Adding page: 0</msg>
<msg timestamp="20230628 17:04:28.440" level="WARN">Object 7 0 found</msg>
<msg timestamp="20230628 17:04:28.442" level="WARN">Overwriting cache for 0 7</msg>
<msg timestamp="20230628 17:04:28.448" level="WARN">Object 14 0 found</msg>
<msg timestamp="20230628 17:04:28.450" level="WARN">Overwriting cache for 0 14</msg>
<msg timestamp="20230628 17:04:28.454" level="WARN">Object 21 0 found</msg>
<msg timestamp="20230628 17:04:28.456" level="WARN">Overwriting cache for 0 21</msg>
<msg timestamp="20230628 17:04:28.460" level="WARN">Object 28 0 found</msg>
<msg timestamp="20230628 17:04:28.465" level="WARN">Overwriting cache for 0 28</msg>
<msg timestamp="20230628 17:04:28.475" level="INFO">File c:\Users\venka\Desktop\level-2\image_files\RSB-ROBO-ORDER-BP46AGKXUF.png type: png</msg>
<msg timestamp="20230628 17:04:28.475" level="INFO">Image parameters: {'x': '0', 'y': '0'}</msg>
<status status="PASS" starttime="20230628 17:04:28.434" endtime="20230628 17:04:28.542"/>
</kw>
<status status="PASS" starttime="20230628 17:04:28.407" endtime="20230628 17:04:28.543"/>
</kw>
<kw name="Go to order another robot">
<kw name="Set Local Variable" library="BuiltIn">
<arg>${btn_order_another_robot}</arg>
<arg>//*[@id="order-another"]</arg>
<doc>Makes a variable available everywhere within the local scope.</doc>
<msg timestamp="20230628 17:04:28.553" level="INFO">${btn_order_another_robot} = //*[@id="order-another"]</msg>
<status status="PASS" starttime="20230628 17:04:28.550" endtime="20230628 17:04:28.553"/>
</kw>
<kw name="Click Button" library="RPA.Browser.Selenium">
<arg>${btn_order_another_robot}</arg>
<doc>Clicks the button identified by ``locator``.</doc>
<msg timestamp="20230628 17:04:28.554" level="INFO">Clicking button '//*[@id="order-another"]'.</msg>
<status status="PASS" starttime="20230628 17:04:28.553" endtime="20230628 17:04:28.788"/>
</kw>
<status status="PASS" starttime="20230628 17:04:28.546" endtime="20230628 17:04:28.789"/>
</kw>
<status status="PASS" starttime="20230628 17:04:25.184" endtime="20230628 17:04:28.789"/>
</iter>
<status status="PASS" starttime="20230628 17:02:52.581" endtime="20230628 17:04:28.790"/>
</for>
<status status="PASS" starttime="20230628 17:02:49.853" endtime="20230628 17:04:28.790"/>
</kw>
<status status="PASS" starttime="20230628 17:02:49.851" endtime="20230628 17:04:28.792"/>
</test>
<doc>Orders robots from RobotSpareBin Industries Inc.
Saves the order HTML receipt as a PDF file.
Saves the screenshot of the ordered robot.
Embeds the screenshot of the robot to the PDF receipt.
Creates ZIP archive of the receipts and the images.
Author: www.github.com/joergschultzelutter</doc>
<status status="PASS" starttime="20230628 17:02:45.663" endtime="20230628 17:04:28.798"/>
</suite>
<statistics>
<total>
<stat pass="1" fail="0" skip="0">All Tests</stat>
</total>
<tag>
</tag>
<suite>
<stat pass="1" fail="0" skip="0" id="s1" name="Tasks">Tasks</stat>
</suite>
</statistics>
<errors>
<msg timestamp="20230628 17:02:58.140" level="WARN">Object 7 0 found</msg>
<msg timestamp="20230628 17:02:58.142" level="WARN">Overwriting cache for 0 7</msg>
<msg timestamp="20230628 17:02:58.183" level="WARN">Object 14 0 found</msg>
<msg timestamp="20230628 17:02:58.187" level="WARN">Overwriting cache for 0 14</msg>
<msg timestamp="20230628 17:02:58.197" level="WARN">Object 21 0 found</msg>
<msg timestamp="20230628 17:02:58.198" level="WARN">Overwriting cache for 0 21</msg>
<msg timestamp="20230628 17:02:58.204" level="WARN">Object 28 0 found</msg>
<msg timestamp="20230628 17:02:58.206" level="WARN">Overwriting cache for 0 28</msg>
<msg timestamp="20230628 17:03:02.007" level="WARN">Object 7 0 found</msg>
<msg timestamp="20230628 17:03:02.009" level="WARN">Overwriting cache for 0 7</msg>
<msg timestamp="20230628 17:03:02.016" level="WARN">Object 14 0 found</msg>
<msg timestamp="20230628 17:03:02.017" level="WARN">Overwriting cache for 0 14</msg>
<msg timestamp="20230628 17:03:02.021" level="WARN">Object 21 0 found</msg>
<msg timestamp="20230628 17:03:02.023" level="WARN">Overwriting cache for 0 21</msg>
<msg timestamp="20230628 17:03:02.026" level="WARN">Object 28 0 found</msg>
<msg timestamp="20230628 17:03:02.030" level="WARN">Overwriting cache for 0 28</msg>
<msg timestamp="20230628 17:03:07.756" level="WARN">Object 7 0 found</msg>
<msg timestamp="20230628 17:03:07.759" level="WARN">Overwriting cache for 0 7</msg>
<msg timestamp="20230628 17:03:07.765" level="WARN">Object 14 0 found</msg>
<msg timestamp="20230628 17:03:07.767" level="WARN">Overwriting cache for 0 14</msg>
<msg timestamp="20230628 17:03:07.771" level="WARN">Object 21 0 found</msg>
<msg timestamp="20230628 17:03:07.773" level="WARN">Overwriting cache for 0 21</msg>
<msg timestamp="20230628 17:03:07.781" level="WARN">Object 28 0 found</msg>
<msg timestamp="20230628 17:03:07.784" level="WARN">Overwriting cache for 0 28</msg>
<msg timestamp="20230628 17:03:11.720" level="WARN">Object 7 0 found</msg>
<msg timestamp="20230628 17:03:11.725" level="WARN">Overwriting cache for 0 7</msg>
<msg timestamp="20230628 17:03:11.734" level="WARN">Object 14 0 found</msg>
<msg timestamp="20230628 17:03:11.737" level="WARN">Overwriting cache for 0 14</msg>
<msg timestamp="20230628 17:03:11.743" level="WARN">Object 21 0 found</msg>
<msg timestamp="20230628 17:03:11.749" level="WARN">Overwriting cache for 0 21</msg>
<msg timestamp="20230628 17:03:11.757" level="WARN">Object 28 0 found</msg>
<msg timestamp="20230628 17:03:11.772" level="WARN">Overwriting cache for 0 28</msg>
<msg timestamp="20230628 17:03:15.693" level="WARN">Object 7 0 found</msg>
<msg timestamp="20230628 17:03:15.695" level="WARN">Overwriting cache for 0 7</msg>
<msg timestamp="20230628 17:03:15.701" level="WARN">Object 14 0 found</msg>
<msg timestamp="20230628 17:03:15.702" level="WARN">Overwriting cache for 0 14</msg>
<msg timestamp="20230628 17:03:15.706" level="WARN">Object 21 0 found</msg>
<msg timestamp="20230628 17:03:15.708" level="WARN">Overwriting cache for 0 21</msg>
<msg timestamp="20230628 17:03:15.713" level="WARN">Object 28 0 found</msg>
<msg timestamp="20230628 17:03:15.718" level="WARN">Overwriting cache for 0 28</msg>
<msg timestamp="20230628 17:03:19.270" level="WARN">Object 7 0 found</msg>
<msg timestamp="20230628 17:03:19.272" level="WARN">Overwriting cache for 0 7</msg>
<msg timestamp="20230628 17:03:19.276" level="WARN">Object 14 0 found</msg>
<msg timestamp="20230628 17:03:19.278" level="WARN">Overwriting cache for 0 14</msg>
<msg timestamp="20230628 17:03:19.284" level="WARN">Object 21 0 found</msg>
<msg timestamp="20230628 17:03:19.286" level="WARN">Overwriting cache for 0 21</msg>
<msg timestamp="20230628 17:03:19.291" level="WARN">Object 28 0 found</msg>
<msg timestamp="20230628 17:03:19.302" level="WARN">Overwriting cache for 0 28</msg>
<msg timestamp="20230628 17:03:22.770" level="WARN">Object 7 0 found</msg>
<msg timestamp="20230628 17:03:22.773" level="WARN">Overwriting cache for 0 7</msg>
<msg timestamp="20230628 17:03:22.777" level="WARN">Object 14 0 found</msg>
<msg timestamp="20230628 17:03:22.778" level="WARN">Overwriting cache for 0 14</msg>
<msg timestamp="20230628 17:03:22.785" level="WARN">Object 21 0 found</msg>
<msg timestamp="20230628 17:03:22.788" level="WARN">Overwriting cache for 0 21</msg>
<msg timestamp="20230628 17:03:22.792" level="WARN">Object 28 0 found</msg>
<msg timestamp="20230628 17:03:22.793" level="WARN">Overwriting cache for 0 28</msg>
<msg timestamp="20230628 17:03:26.368" level="WARN">Object 7 0 found</msg>
<msg timestamp="20230628 17:03:26.371" level="WARN">Overwriting cache for 0 7</msg>
<msg timestamp="20230628 17:03:26.375" level="WARN">Object 14 0 found</msg>
<msg timestamp="20230628 17:03:26.377" level="WARN">Overwriting cache for 0 14</msg>
<msg timestamp="20230628 17:03:26.382" level="WARN">Object 21 0 found</msg>
<msg timestamp="20230628 17:03:26.384" level="WARN">Overwriting cache for 0 21</msg>
<msg timestamp="20230628 17:03:26.388" level="WARN">Object 28 0 found</msg>
<msg timestamp="20230628 17:03:26.389" level="WARN">Overwriting cache for 0 28</msg>
<msg timestamp="20230628 17:03:29.872" level="WARN">Object 7 0 found</msg>
<msg timestamp="20230628 17:03:29.874" level="WARN">Overwriting cache for 0 7</msg>
<msg timestamp="20230628 17:03:29.877" level="WARN">Object 14 0 found</msg>
<msg timestamp="20230628 17:03:29.878" level="WARN">Overwriting cache for 0 14</msg>
<msg timestamp="20230628 17:03:29.882" level="WARN">Object 21 0 found</msg>
<msg timestamp="20230628 17:03:29.884" level="WARN">Overwriting cache for 0 21</msg>
<msg timestamp="20230628 17:03:29.889" level="WARN">Object 28 0 found</msg>
<msg timestamp="20230628 17:03:29.890" level="WARN">Overwriting cache for 0 28</msg>
<msg timestamp="20230628 17:03:33.443" level="WARN">Object 7 0 found</msg>
<msg timestamp="20230628 17:03:33.445" level="WARN">Overwriting cache for 0 7</msg>
<msg timestamp="20230628 17:03:33.449" level="WARN">Object 14 0 found</msg>
<msg timestamp="20230628 17:03:33.452" level="WARN">Overwriting cache for 0 14</msg>
<msg timestamp="20230628 17:03:33.456" level="WARN">Object 21 0 found</msg>
<msg timestamp="20230628 17:03:33.458" level="WARN">Overwriting cache for 0 21</msg>
<msg timestamp="20230628 17:03:33.462" level="WARN">Object 28 0 found</msg>
<msg timestamp="20230628 17:03:33.464" level="WARN">Overwriting cache for 0 28</msg>
<msg timestamp="20230628 17:03:37.013" level="WARN">Object 7 0 found</msg>
<msg timestamp="20230628 17:03:37.015" level="WARN">Overwriting cache for 0 7</msg>
<msg timestamp="20230628 17:03:37.021" level="WARN">Object 14 0 found</msg>
<msg timestamp="20230628 17:03:37.022" level="WARN">Overwriting cache for 0 14</msg>
<msg timestamp="20230628 17:03:37.026" level="WARN">Object 21 0 found</msg>
<msg timestamp="20230628 17:03:37.027" level="WARN">Overwriting cache for 0 21</msg>
<msg timestamp="20230628 17:03:37.031" level="WARN">Object 28 0 found</msg>
<msg timestamp="20230628 17:03:37.032" level="WARN">Overwriting cache for 0 28</msg>
<msg timestamp="20230628 17:03:51.132" level="WARN">Object 7 0 found</msg>
<msg timestamp="20230628 17:03:51.134" level="WARN">Overwriting cache for 0 7</msg>
<msg timestamp="20230628 17:03:51.137" level="WARN">Object 14 0 found</msg>
<msg timestamp="20230628 17:03:51.140" level="WARN">Overwriting cache for 0 14</msg>
<msg timestamp="20230628 17:03:51.144" level="WARN">Object 21 0 found</msg>
<msg timestamp="20230628 17:03:51.146" level="WARN">Overwriting cache for 0 21</msg>
<msg timestamp="20230628 17:03:51.150" level="WARN">Object 28 0 found</msg>
<msg timestamp="20230628 17:03:51.152" level="WARN">Overwriting cache for 0 28</msg>
<msg timestamp="20230628 17:03:56.899" level="WARN">Object 7 0 found</msg>
<msg timestamp="20230628 17:03:56.903" level="WARN">Overwriting cache for 0 7</msg>
<msg timestamp="20230628 17:03:56.916" level="WARN">Object 14 0 found</msg>
<msg timestamp="20230628 17:03:56.918" level="WARN">Overwriting cache for 0 14</msg>
<msg timestamp="20230628 17:03:56.923" level="WARN">Object 21 0 found</msg>
<msg timestamp="20230628 17:03:56.925" level="WARN">Overwriting cache for 0 21</msg>
<msg timestamp="20230628 17:03:56.929" level="WARN">Object 28 0 found</msg>
<msg timestamp="20230628 17:03:56.930" level="WARN">Overwriting cache for 0 28</msg>
<msg timestamp="20230628 17:04:00.490" level="WARN">Object 7 0 found</msg>
<msg timestamp="20230628 17:04:00.492" level="WARN">Overwriting cache for 0 7</msg>
<msg timestamp="20230628 17:04:00.511" level="WARN">Object 14 0 found</msg>
<msg timestamp="20230628 17:04:00.517" level="WARN">Overwriting cache for 0 14</msg>
<msg timestamp="20230628 17:04:00.525" level="WARN">Object 21 0 found</msg>
<msg timestamp="20230628 17:04:00.533" level="WARN">Overwriting cache for 0 21</msg>
<msg timestamp="20230628 17:04:00.539" level="WARN">Object 28 0 found</msg>
<msg timestamp="20230628 17:04:00.545" level="WARN">Overwriting cache for 0 28</msg>
<msg timestamp="20230628 17:04:08.452" level="WARN">Object 7 0 found</msg>
<msg timestamp="20230628 17:04:08.454" level="WARN">Overwriting cache for 0 7</msg>
<msg timestamp="20230628 17:04:08.460" level="WARN">Object 14 0 found</msg>
<msg timestamp="20230628 17:04:08.462" level="WARN">Overwriting cache for 0 14</msg>
<msg timestamp="20230628 17:04:08.468" level="WARN">Object 21 0 found</msg>
<msg timestamp="20230628 17:04:08.470" level="WARN">Overwriting cache for 0 21</msg>
<msg timestamp="20230628 17:04:08.477" level="WARN">Object 28 0 found</msg>
<msg timestamp="20230628 17:04:08.479" level="WARN">Overwriting cache for 0 28</msg>
<msg timestamp="20230628 17:04:11.868" level="WARN">Object 7 0 found</msg>
<msg timestamp="20230628 17:04:11.873" level="WARN">Overwriting cache for 0 7</msg>
<msg timestamp="20230628 17:04:11.881" level="WARN">Object 14 0 found</msg>
<msg timestamp="20230628 17:04:11.884" level="WARN">Overwriting cache for 0 14</msg>
<msg timestamp="20230628 17:04:11.888" level="WARN">Object 21 0 found</msg>
<msg timestamp="20230628 17:04:11.889" level="WARN">Overwriting cache for 0 21</msg>
<msg timestamp="20230628 17:04:11.894" level="WARN">Object 28 0 found</msg>
<msg timestamp="20230628 17:04:11.896" level="WARN">Overwriting cache for 0 28</msg>
<msg timestamp="20230628 17:04:17.630" level="WARN">Object 7 0 found</msg>
<msg timestamp="20230628 17:04:17.632" level="WARN">Overwriting cache for 0 7</msg>
<msg timestamp="20230628 17:04:17.704" level="WARN">Object 14 0 found</msg>
<msg timestamp="20230628 17:04:17.707" level="WARN">Overwriting cache for 0 14</msg>
<msg timestamp="20230628 17:04:17.716" level="WARN">Object 21 0 found</msg>
<msg timestamp="20230628 17:04:17.718" level="WARN">Overwriting cache for 0 21</msg>
<msg timestamp="20230628 17:04:17.722" level="WARN">Object 28 0 found</msg>
<msg timestamp="20230628 17:04:17.734" level="WARN">Overwriting cache for 0 28</msg>
<msg timestamp="20230628 17:04:21.213" level="WARN">Object 7 0 found</msg>
<msg timestamp="20230628 17:04:21.215" level="WARN">Overwriting cache for 0 7</msg>
<msg timestamp="20230628 17:04:21.220" level="WARN">Object 14 0 found</msg>
<msg timestamp="20230628 17:04:21.221" level="WARN">Overwriting cache for 0 14</msg>
<msg timestamp="20230628 17:04:21.225" level="WARN">Object 21 0 found</msg>
<msg timestamp="20230628 17:04:21.227" level="WARN">Overwriting cache for 0 21</msg>
<msg timestamp="20230628 17:04:21.232" level="WARN">Object 28 0 found</msg>
<msg timestamp="20230628 17:04:21.233" level="WARN">Overwriting cache for 0 28</msg>
<msg timestamp="20230628 17:04:24.814" level="WARN">Object 7 0 found</msg>
<msg timestamp="20230628 17:04:24.816" level="WARN">Overwriting cache for 0 7</msg>
<msg timestamp="20230628 17:04:24.820" level="WARN">Object 14 0 found</msg>
<msg timestamp="20230628 17:04:24.822" level="WARN">Overwriting cache for 0 14</msg>
<msg timestamp="20230628 17:04:24.827" level="WARN">Object 21 0 found</msg>
<msg timestamp="20230628 17:04:24.830" level="WARN">Overwriting cache for 0 21</msg>
<msg timestamp="20230628 17:04:24.834" level="WARN">Object 28 0 found</msg>
<msg timestamp="20230628 17:04:24.835" level="WARN">Overwriting cache for 0 28</msg>
<msg timestamp="20230628 17:04:28.440" level="WARN">Object 7 0 found</msg>
<msg timestamp="20230628 17:04:28.442" level="WARN">Overwriting cache for 0 7</msg>
<msg timestamp="20230628 17:04:28.448" level="WARN">Object 14 0 found</msg>
<msg timestamp="20230628 17:04:28.450" level="WARN">Overwriting cache for 0 14</msg>
<msg timestamp="20230628 17:04:28.454" level="WARN">Object 21 0 found</msg>
<msg timestamp="20230628 17:04:28.456" level="WARN">Overwriting cache for 0 21</msg>
<msg timestamp="20230628 17:04:28.460" level="WARN">Object 28 0 found</msg>
<msg timestamp="20230628 17:04:28.465" level="WARN">Overwriting cache for 0 28</msg>
</errors>
</robot>
